<?xml version="1.0" encoding="UTF-8"?>
<testsuites>
  <testsuite name="/Users/idmcalculus/Documents/calcfolio/backend/phpunit.xml" tests="290" assertions="534" errors="69" failures="11" skipped="0" time="4.635885">
    <testsuite name="Unit" tests="261" assertions="510" errors="46" failures="11" skipped="0" time="4.548744">
      <testsuite name="App\Tests\Unit\Application\Services\AdminMessageServiceTest" file="/Users/idmcalculus/Documents/calcfolio/backend/tests/Unit/Application/Services/AdminMessageServiceTest.php" tests="6" assertions="6" errors="3" failures="0" skipped="0" time="0.075331">
        <testcase name="testGetMessageSuccess" file="/Users/idmcalculus/Documents/calcfolio/backend/tests/Unit/Application/Services/AdminMessageServiceTest.php" line="102" class="App\Tests\Unit\Application\Services\AdminMessageServiceTest" classname="App.Tests.Unit.Application.Services.AdminMessageServiceTest" assertions="2" time="0.049781">
          <error type="Mockery\Exception\InvalidCountException">App\Tests\Unit\Application\Services\AdminMessageServiceTest::testGetMessageSuccess
Mockery\Exception\InvalidCountException: Method toArray(&lt;Any Arguments&gt;) from Mockery_3_App_Domain_Entities_Message should be called
 exactly 2 times but called 1 times.

/Users/idmcalculus/Documents/calcfolio/backend/vendor/mockery/mockery/library/Mockery/CountValidator/Exact.php:32
/Users/idmcalculus/Documents/calcfolio/backend/vendor/mockery/mockery/library/Mockery/Expectation.php:739
/Users/idmcalculus/Documents/calcfolio/backend/vendor/mockery/mockery/library/Mockery/ExpectationDirector.php:202
/Users/idmcalculus/Documents/calcfolio/backend/vendor/mockery/mockery/library/Mockery/Container.php:583
/Users/idmcalculus/Documents/calcfolio/backend/vendor/mockery/mockery/library/Mockery/Container.php:519
/Users/idmcalculus/Documents/calcfolio/backend/vendor/mockery/mockery/library/Mockery.php:176
/Users/idmcalculus/Documents/calcfolio/backend/tests/Unit/Application/Services/AdminMessageServiceTest.php:36</error>
        </testcase>
        <testcase name="testGetMessagesSuccess" file="/Users/idmcalculus/Documents/calcfolio/backend/tests/Unit/Application/Services/AdminMessageServiceTest.php" line="58" class="App\Tests\Unit\Application\Services\AdminMessageServiceTest" classname="App.Tests.Unit.Application.Services.AdminMessageServiceTest" assertions="0" time="0.012602">
          <error type="TypeError">App\Tests\Unit\Application\Services\AdminMessageServiceTest::testGetMessagesSuccess
TypeError: Mockery_2_App_Domain_Interfaces_ValidationInterface::validatePagination(): Return value must be of type array, true returned

/Users/idmcalculus/Documents/calcfolio/backend/src/Application/Services/AdminMessageService.php:39
/Users/idmcalculus/Documents/calcfolio/backend/tests/Unit/Application/Services/AdminMessageServiceTest.php:95</error>
        </testcase>
        <testcase name="testBulkActionMarkRead" file="/Users/idmcalculus/Documents/calcfolio/backend/tests/Unit/Application/Services/AdminMessageServiceTest.php" line="132" class="App\Tests\Unit\Application\Services\AdminMessageServiceTest" classname="App.Tests.Unit.Application.Services.AdminMessageServiceTest" assertions="0" time="0.003957">
          <error type="TypeError">App\Tests\Unit\Application\Services\AdminMessageServiceTest::testBulkActionMarkRead
TypeError: Mockery_2_App_Domain_Interfaces_ValidationInterface::validateBulkAction(): Return value must be of type array, true returned

/Users/idmcalculus/Documents/calcfolio/backend/src/Application/Services/AdminMessageService.php:174
/Users/idmcalculus/Documents/calcfolio/backend/tests/Unit/Application/Services/AdminMessageServiceTest.php:151</error>
        </testcase>
        <testcase name="testGetMessagesWhenNotAuthenticated" file="/Users/idmcalculus/Documents/calcfolio/backend/tests/Unit/Application/Services/AdminMessageServiceTest.php" line="44" class="App\Tests\Unit\Application\Services\AdminMessageServiceTest" classname="App.Tests.Unit.Application.Services.AdminMessageServiceTest" assertions="1" time="0.002961"/>
        <testcase name="testGetStatisticsSuccess" file="/Users/idmcalculus/Documents/calcfolio/backend/tests/Unit/Application/Services/AdminMessageServiceTest.php" line="157" class="App\Tests\Unit\Application\Services\AdminMessageServiceTest" classname="App.Tests.Unit.Application.Services.AdminMessageServiceTest" assertions="2" time="0.003350"/>
        <testcase name="testConstructor" file="/Users/idmcalculus/Documents/calcfolio/backend/tests/Unit/Application/Services/AdminMessageServiceTest.php" line="39" class="App\Tests\Unit\Application\Services\AdminMessageServiceTest" classname="App.Tests.Unit.Application.Services.AdminMessageServiceTest" assertions="1" time="0.002681"/>
      </testsuite>
      <testsuite name="App\Tests\Unit\Application\Services\AdminAuthenticationServiceTest" file="/Users/idmcalculus/Documents/calcfolio/backend/tests/Unit/Application/Services/AdminAuthenticationServiceTest.php" tests="22" assertions="32" errors="0" failures="2" skipped="0" time="0.064660">
        <testcase name="testAuthenticateWithInvalidUsername" file="/Users/idmcalculus/Documents/calcfolio/backend/tests/Unit/Application/Services/AdminAuthenticationServiceTest.php" line="66" class="App\Tests\Unit\Application\Services\AdminAuthenticationServiceTest" classname="App.Tests.Unit.Application.Services.AdminAuthenticationServiceTest" assertions="1" time="0.003810"/>
        <testcase name="testIsAuthenticatedWhenNotLoggedIn" file="/Users/idmcalculus/Documents/calcfolio/backend/tests/Unit/Application/Services/AdminAuthenticationServiceTest.php" line="128" class="App\Tests\Unit\Application\Services\AdminAuthenticationServiceTest" classname="App.Tests.Unit.Application.Services.AdminAuthenticationServiceTest" assertions="1" time="0.002449"/>
        <testcase name="testGetCurrentAdminWhenNotAuthenticated" file="/Users/idmcalculus/Documents/calcfolio/backend/tests/Unit/Application/Services/AdminAuthenticationServiceTest.php" line="163" class="App\Tests\Unit\Application\Services\AdminAuthenticationServiceTest" classname="App.Tests.Unit.Application.Services.AdminAuthenticationServiceTest" assertions="1" time="0.002328"/>
        <testcase name="testGetCurrentAdminWhenUsernameNotSet" file="/Users/idmcalculus/Documents/calcfolio/backend/tests/Unit/Application/Services/AdminAuthenticationServiceTest.php" line="177" class="App\Tests\Unit\Application\Services\AdminAuthenticationServiceTest" classname="App.Tests.Unit.Application.Services.AdminAuthenticationServiceTest" assertions="1" time="0.002867"/>
        <testcase name="testLoginWhenSessionNotActive" file="/Users/idmcalculus/Documents/calcfolio/backend/tests/Unit/Application/Services/AdminAuthenticationServiceTest.php" line="207" class="App\Tests\Unit\Application\Services\AdminAuthenticationServiceTest" classname="App.Tests.Unit.Application.Services.AdminAuthenticationServiceTest" assertions="1" time="0.004885"/>
        <testcase name="testLogoutSuccess" file="/Users/idmcalculus/Documents/calcfolio/backend/tests/Unit/Application/Services/AdminAuthenticationServiceTest.php" line="219" class="App\Tests\Unit\Application\Services\AdminAuthenticationServiceTest" classname="App.Tests.Unit.Application.Services.AdminAuthenticationServiceTest" assertions="3" time="0.002819"/>
        <testcase name="testValidateSessionTimeoutWhenAuthenticatedAndNotExpired" file="/Users/idmcalculus/Documents/calcfolio/backend/tests/Unit/Application/Services/AdminAuthenticationServiceTest.php" line="294" class="App\Tests\Unit\Application\Services\AdminAuthenticationServiceTest" classname="App.Tests.Unit.Application.Services.AdminAuthenticationServiceTest" assertions="1" time="0.004265">
          <failure type="PHPUnit\Framework\ExpectationFailedException">App\Tests\Unit\Application\Services\AdminAuthenticationServiceTest::testValidateSessionTimeoutWhenAuthenticatedAndNotExpired
Failed asserting that false is true.

/Users/idmcalculus/Documents/calcfolio/backend/tests/Unit/Application/Services/AdminAuthenticationServiceTest.php:306</failure>
        </testcase>
        <testcase name="testRegenerateSessionWhenAuthenticatedAndExpired" file="/Users/idmcalculus/Documents/calcfolio/backend/tests/Unit/Application/Services/AdminAuthenticationServiceTest.php" line="249" class="App\Tests\Unit\Application\Services\AdminAuthenticationServiceTest" classname="App.Tests.Unit.Application.Services.AdminAuthenticationServiceTest" assertions="2" time="0.002544"/>
        <testcase name="testRegenerateSessionWhenNotAuthenticated" file="/Users/idmcalculus/Documents/calcfolio/backend/tests/Unit/Application/Services/AdminAuthenticationServiceTest.php" line="280" class="App\Tests\Unit\Application\Services\AdminAuthenticationServiceTest" classname="App.Tests.Unit.Application.Services.AdminAuthenticationServiceTest" assertions="1" time="0.002401"/>
        <testcase name="testValidateSessionTimeoutWhenNotAuthenticated" file="/Users/idmcalculus/Documents/calcfolio/backend/tests/Unit/Application/Services/AdminAuthenticationServiceTest.php" line="325" class="App\Tests\Unit\Application\Services\AdminAuthenticationServiceTest" classname="App.Tests.Unit.Application.Services.AdminAuthenticationServiceTest" assertions="1" time="0.003056"/>
        <testcase name="testAuthenticateWithValidCredentials" file="/Users/idmcalculus/Documents/calcfolio/backend/tests/Unit/Application/Services/AdminAuthenticationServiceTest.php" line="39" class="App\Tests\Unit\Application\Services\AdminAuthenticationServiceTest" classname="App.Tests.Unit.Application.Services.AdminAuthenticationServiceTest" assertions="1" time="0.005390">
          <failure type="PHPUnit\Framework\ExpectationFailedException">App\Tests\Unit\Application\Services\AdminAuthenticationServiceTest::testAuthenticateWithValidCredentials
Failed asserting that null is an instance of class App\Domain\Entities\Admin.

/Users/idmcalculus/Documents/calcfolio/backend/tests/Unit/Application/Services/AdminAuthenticationServiceTest.php:63</failure>
        </testcase>
        <testcase name="testIsAuthenticatedWhenSessionActiveAndLoggedIn" file="/Users/idmcalculus/Documents/calcfolio/backend/tests/Unit/Application/Services/AdminAuthenticationServiceTest.php" line="102" class="App\Tests\Unit\Application\Services\AdminAuthenticationServiceTest" classname="App.Tests.Unit.Application.Services.AdminAuthenticationServiceTest" assertions="1" time="0.002436"/>
        <testcase name="testIsAuthenticatedWhenSessionNotActive" file="/Users/idmcalculus/Documents/calcfolio/backend/tests/Unit/Application/Services/AdminAuthenticationServiceTest.php" line="116" class="App\Tests\Unit\Application\Services\AdminAuthenticationServiceTest" classname="App.Tests.Unit.Application.Services.AdminAuthenticationServiceTest" assertions="1" time="0.002261"/>
        <testcase name="testGetCurrentAdminWhenAuthenticated" file="/Users/idmcalculus/Documents/calcfolio/backend/tests/Unit/Application/Services/AdminAuthenticationServiceTest.php" line="142" class="App\Tests\Unit\Application\Services\AdminAuthenticationServiceTest" classname="App.Tests.Unit.Application.Services.AdminAuthenticationServiceTest" assertions="2" time="0.002523"/>
        <testcase name="testLoginSuccess" file="/Users/idmcalculus/Documents/calcfolio/backend/tests/Unit/Application/Services/AdminAuthenticationServiceTest.php" line="192" class="App\Tests\Unit\Application\Services\AdminAuthenticationServiceTest" classname="App.Tests.Unit.Application.Services.AdminAuthenticationServiceTest" assertions="4" time="0.002633"/>
        <testcase name="testLogoutWhenSessionNotActive" file="/Users/idmcalculus/Documents/calcfolio/backend/tests/Unit/Application/Services/AdminAuthenticationServiceTest.php" line="237" class="App\Tests\Unit\Application\Services\AdminAuthenticationServiceTest" classname="App.Tests.Unit.Application.Services.AdminAuthenticationServiceTest" assertions="1" time="0.002334"/>
        <testcase name="testRegenerateSessionWhenAuthenticatedAndNotExpired" file="/Users/idmcalculus/Documents/calcfolio/backend/tests/Unit/Application/Services/AdminAuthenticationServiceTest.php" line="265" class="App\Tests\Unit\Application\Services\AdminAuthenticationServiceTest" classname="App.Tests.Unit.Application.Services.AdminAuthenticationServiceTest" assertions="1" time="0.002395"/>
        <testcase name="testValidateSessionTimeoutWhenAuthenticatedAndExpired" file="/Users/idmcalculus/Documents/calcfolio/backend/tests/Unit/Application/Services/AdminAuthenticationServiceTest.php" line="309" class="App\Tests\Unit\Application\Services\AdminAuthenticationServiceTest" classname="App.Tests.Unit.Application.Services.AdminAuthenticationServiceTest" assertions="2" time="0.002456"/>
        <testcase name="testAuthenticateHandlesRepositoryException" file="/Users/idmcalculus/Documents/calcfolio/backend/tests/Unit/Application/Services/AdminAuthenticationServiceTest.php" line="339" class="App\Tests\Unit\Application\Services\AdminAuthenticationServiceTest" classname="App.Tests.Unit.Application.Services.AdminAuthenticationServiceTest" assertions="2" time="0.002663"/>
        <testcase name="testGetCurrentAdminHandlesRepositoryException" file="/Users/idmcalculus/Documents/calcfolio/backend/tests/Unit/Application/Services/AdminAuthenticationServiceTest.php" line="355" class="App\Tests\Unit\Application\Services\AdminAuthenticationServiceTest" classname="App.Tests.Unit.Application.Services.AdminAuthenticationServiceTest" assertions="2" time="0.002733"/>
        <testcase name="testAuthenticateWithInvalidPassword" file="/Users/idmcalculus/Documents/calcfolio/backend/tests/Unit/Application/Services/AdminAuthenticationServiceTest.php" line="81" class="App\Tests\Unit\Application\Services\AdminAuthenticationServiceTest" classname="App.Tests.Unit.Application.Services.AdminAuthenticationServiceTest" assertions="1" time="0.003136"/>
        <testcase name="testConstructor" file="/Users/idmcalculus/Documents/calcfolio/backend/tests/Unit/Application/Services/AdminAuthenticationServiceTest.php" line="34" class="App\Tests\Unit\Application\Services\AdminAuthenticationServiceTest" classname="App.Tests.Unit.Application.Services.AdminAuthenticationServiceTest" assertions="1" time="0.002275"/>
      </testsuite>
      <testsuite name="App\Tests\Unit\Domain\ValueObjects\EmailAddressTest" file="/Users/idmcalculus/Documents/calcfolio/backend/tests/Unit/Domain/ValueObjects/EmailAddressTest.php" tests="23" assertions="93" errors="1" failures="3" skipped="0" time="0.054973">
        <testcase name="testGetDomainWithSubdomain" file="/Users/idmcalculus/Documents/calcfolio/backend/tests/Unit/Domain/ValueObjects/EmailAddressTest.php" line="64" class="App\Tests\Unit\Domain\ValueObjects\EmailAddressTest" classname="App.Tests.Unit.Domain.ValueObjects.EmailAddressTest" assertions="1" time="0.003881">
          <failure type="PHPUnit\Framework\ExpectationFailedException">App\Tests\Unit\Domain\ValueObjects\EmailAddressTest::testGetDomainWithSubdomain
Failed asserting that two strings are equal.
--- Expected
+++ Actual
@@ @@
-'example.co.uk'
+'mail.example.co.uk'

/Users/idmcalculus/Documents/calcfolio/backend/tests/Unit/Domain/ValueObjects/EmailAddressTest.php:68</failure>
        </testcase>
        <testcase name="testConstructorWithValidEmail" file="/Users/idmcalculus/Documents/calcfolio/backend/tests/Unit/Domain/ValueObjects/EmailAddressTest.php" line="11" class="App\Tests\Unit\Domain\ValueObjects\EmailAddressTest" classname="App.Tests.Unit.Domain.ValueObjects.EmailAddressTest" assertions="2" time="0.002266"/>
        <testcase name="testConstructorWithUppercaseEmail" file="/Users/idmcalculus/Documents/calcfolio/backend/tests/Unit/Domain/ValueObjects/EmailAddressTest.php" line="19" class="App\Tests\Unit\Domain\ValueObjects\EmailAddressTest" classname="App.Tests.Unit.Domain.ValueObjects.EmailAddressTest" assertions="1" time="0.001931"/>
        <testcase name="testConstructorWithWhitespaceEmail" file="/Users/idmcalculus/Documents/calcfolio/backend/tests/Unit/Domain/ValueObjects/EmailAddressTest.php" line="26" class="App\Tests\Unit\Domain\ValueObjects\EmailAddressTest" classname="App.Tests.Unit.Domain.ValueObjects.EmailAddressTest" assertions="1" time="0.001966"/>
        <testcase name="testConstructorWithInvalidEmail" file="/Users/idmcalculus/Documents/calcfolio/backend/tests/Unit/Domain/ValueObjects/EmailAddressTest.php" line="33" class="App\Tests\Unit\Domain\ValueObjects\EmailAddressTest" classname="App.Tests.Unit.Domain.ValueObjects.EmailAddressTest" assertions="2" time="0.002141"/>
        <testcase name="testConstructorWithEmptyEmail" file="/Users/idmcalculus/Documents/calcfolio/backend/tests/Unit/Domain/ValueObjects/EmailAddressTest.php" line="41" class="App\Tests\Unit\Domain\ValueObjects\EmailAddressTest" classname="App.Tests.Unit.Domain.ValueObjects.EmailAddressTest" assertions="2" time="0.002394"/>
        <testcase name="testConstructorWithWhitespaceOnlyEmail" file="/Users/idmcalculus/Documents/calcfolio/backend/tests/Unit/Domain/ValueObjects/EmailAddressTest.php" line="49" class="App\Tests\Unit\Domain\ValueObjects\EmailAddressTest" classname="App.Tests.Unit.Domain.ValueObjects.EmailAddressTest" assertions="2" time="0.002361"/>
        <testcase name="testGetDomain" file="/Users/idmcalculus/Documents/calcfolio/backend/tests/Unit/Domain/ValueObjects/EmailAddressTest.php" line="57" class="App\Tests\Unit\Domain\ValueObjects\EmailAddressTest" classname="App.Tests.Unit.Domain.ValueObjects.EmailAddressTest" assertions="1" time="0.002063"/>
        <testcase name="testGetLocalPart" file="/Users/idmcalculus/Documents/calcfolio/backend/tests/Unit/Domain/ValueObjects/EmailAddressTest.php" line="71" class="App\Tests\Unit\Domain\ValueObjects\EmailAddressTest" classname="App.Tests.Unit.Domain.ValueObjects.EmailAddressTest" assertions="1" time="0.001985"/>
        <testcase name="testGetLocalPartWithDots" file="/Users/idmcalculus/Documents/calcfolio/backend/tests/Unit/Domain/ValueObjects/EmailAddressTest.php" line="78" class="App\Tests\Unit\Domain\ValueObjects\EmailAddressTest" classname="App.Tests.Unit.Domain.ValueObjects.EmailAddressTest" assertions="1" time="0.001954"/>
        <testcase name="testGetLocalPartWithPlusSign" file="/Users/idmcalculus/Documents/calcfolio/backend/tests/Unit/Domain/ValueObjects/EmailAddressTest.php" line="85" class="App\Tests\Unit\Domain\ValueObjects\EmailAddressTest" classname="App.Tests.Unit.Domain.ValueObjects.EmailAddressTest" assertions="1" time="0.002209"/>
        <testcase name="testEqualsWithSameEmail" file="/Users/idmcalculus/Documents/calcfolio/backend/tests/Unit/Domain/ValueObjects/EmailAddressTest.php" line="92" class="App\Tests\Unit\Domain\ValueObjects\EmailAddressTest" classname="App.Tests.Unit.Domain.ValueObjects.EmailAddressTest" assertions="1" time="0.001891"/>
        <testcase name="testVariousValidEmailFormats" file="/Users/idmcalculus/Documents/calcfolio/backend/tests/Unit/Domain/ValueObjects/EmailAddressTest.php" line="123" class="App\Tests\Unit\Domain\ValueObjects\EmailAddressTest" classname="App.Tests.Unit.Domain.ValueObjects.EmailAddressTest" assertions="8" time="0.002671">
          <error type="InvalidArgumentException">App\Tests\Unit\Domain\ValueObjects\EmailAddressTest::testVariousValidEmailFormats
InvalidArgumentException: Invalid email address format

/Users/idmcalculus/Documents/calcfolio/backend/src/Domain/ValueObjects/EmailAddress.php:21
/Users/idmcalculus/Documents/calcfolio/backend/src/Domain/ValueObjects/EmailAddress.php:14
/Users/idmcalculus/Documents/calcfolio/backend/tests/Unit/Domain/ValueObjects/EmailAddressTest.php:141</error>
        </testcase>
        <testcase name="testEmailDomainExtraction" file="/Users/idmcalculus/Documents/calcfolio/backend/tests/Unit/Domain/ValueObjects/EmailAddressTest.php" line="216" class="App\Tests\Unit\Domain\ValueObjects\EmailAddressTest" classname="App.Tests.Unit.Domain.ValueObjects.EmailAddressTest" assertions="2" time="0.003760">
          <failure type="PHPUnit\Framework\ExpectationFailedException">App\Tests\Unit\Domain\ValueObjects\EmailAddressTest::testEmailDomainExtraction
Failed for email: test@sub.domain.co.uk
Failed asserting that two strings are equal.
--- Expected
+++ Actual
@@ @@
-'domain.co.uk'
+'sub.domain.co.uk'

/Users/idmcalculus/Documents/calcfolio/backend/tests/Unit/Domain/ValueObjects/EmailAddressTest.php:228</failure>
        </testcase>
        <testcase name="testInvalidEmailFormats" file="/Users/idmcalculus/Documents/calcfolio/backend/tests/Unit/Domain/ValueObjects/EmailAddressTest.php" line="146" class="App\Tests\Unit\Domain\ValueObjects\EmailAddressTest" classname="App.Tests.Unit.Domain.ValueObjects.EmailAddressTest" assertions="15" time="0.004732">
          <failure type="PHPUnit\Framework\AssertionFailedError">App\Tests\Unit\Domain\ValueObjects\EmailAddressTest::testInvalidEmailFormats
Expected InvalidArgumentException for email: test@example.com

/Users/idmcalculus/Documents/calcfolio/backend/tests/Unit/Domain/ValueObjects/EmailAddressTest.php:178</failure>
        </testcase>
        <testcase name="testEqualsWithDifferentEmail" file="/Users/idmcalculus/Documents/calcfolio/backend/tests/Unit/Domain/ValueObjects/EmailAddressTest.php" line="100" class="App\Tests\Unit\Domain\ValueObjects\EmailAddressTest" classname="App.Tests.Unit.Domain.ValueObjects.EmailAddressTest" assertions="1" time="0.001948"/>
        <testcase name="testEqualsWithDifferentCase" file="/Users/idmcalculus/Documents/calcfolio/backend/tests/Unit/Domain/ValueObjects/EmailAddressTest.php" line="108" class="App\Tests\Unit\Domain\ValueObjects\EmailAddressTest" classname="App.Tests.Unit.Domain.ValueObjects.EmailAddressTest" assertions="1" time="0.002136"/>
        <testcase name="testToString" file="/Users/idmcalculus/Documents/calcfolio/backend/tests/Unit/Domain/ValueObjects/EmailAddressTest.php" line="116" class="App\Tests\Unit\Domain\ValueObjects\EmailAddressTest" classname="App.Tests.Unit.Domain.ValueObjects.EmailAddressTest" assertions="1" time="0.001966"/>
        <testcase name="testEmailWithUnicodeCharacters" file="/Users/idmcalculus/Documents/calcfolio/backend/tests/Unit/Domain/ValueObjects/EmailAddressTest.php" line="185" class="App\Tests\Unit\Domain\ValueObjects\EmailAddressTest" classname="App.Tests.Unit.Domain.ValueObjects.EmailAddressTest" assertions="1" time="0.001919"/>
        <testcase name="testEmailWithNumbers" file="/Users/idmcalculus/Documents/calcfolio/backend/tests/Unit/Domain/ValueObjects/EmailAddressTest.php" line="193" class="App\Tests\Unit\Domain\ValueObjects\EmailAddressTest" classname="App.Tests.Unit.Domain.ValueObjects.EmailAddressTest" assertions="3" time="0.001977"/>
        <testcase name="testEmailWithSpecialCharactersInLocalPart" file="/Users/idmcalculus/Documents/calcfolio/backend/tests/Unit/Domain/ValueObjects/EmailAddressTest.php" line="202" class="App\Tests\Unit\Domain\ValueObjects\EmailAddressTest" classname="App.Tests.Unit.Domain.ValueObjects.EmailAddressTest" assertions="38" time="0.002190"/>
        <testcase name="testEmailEqualityIsCaseInsensitive" file="/Users/idmcalculus/Documents/calcfolio/backend/tests/Unit/Domain/ValueObjects/EmailAddressTest.php" line="232" class="App\Tests\Unit\Domain\ValueObjects\EmailAddressTest" classname="App.Tests.Unit.Domain.ValueObjects.EmailAddressTest" assertions="4" time="0.002547"/>
        <testcase name="testEmailToStringConsistency" file="/Users/idmcalculus/Documents/calcfolio/backend/tests/Unit/Domain/ValueObjects/EmailAddressTest.php" line="249" class="App\Tests\Unit\Domain\ValueObjects\EmailAddressTest" classname="App.Tests.Unit.Domain.ValueObjects.EmailAddressTest" assertions="3" time="0.002085"/>
      </testsuite>
      <testsuite name="App\Tests\Unit\Application\Controllers\AdminAuthControllerTest" file="/Users/idmcalculus/Documents/calcfolio/backend/tests/Unit/Application/Controllers/AdminAuthControllerTest.php" tests="15" assertions="15" errors="0" failures="0" skipped="0" time="0.081203">
        <testcase name="testLogoutWhenAuthenticated" file="/Users/idmcalculus/Documents/calcfolio/backend/tests/Unit/Application/Controllers/AdminAuthControllerTest.php" line="355" class="App\Tests\Unit\Application\Controllers\AdminAuthControllerTest" classname="App.Tests.Unit.Application.Controllers.AdminAuthControllerTest" assertions="1" time="0.011613"/>
        <testcase name="testRecoverSessionSuccess" file="/Users/idmcalculus/Documents/calcfolio/backend/tests/Unit/Application/Controllers/AdminAuthControllerTest.php" line="466" class="App\Tests\Unit\Application\Controllers\AdminAuthControllerTest" classname="App.Tests.Unit.Application.Controllers.AdminAuthControllerTest" assertions="1" time="0.003950"/>
        <testcase name="testLoginWithMissingPassword" file="/Users/idmcalculus/Documents/calcfolio/backend/tests/Unit/Application/Controllers/AdminAuthControllerTest.php" line="177" class="App\Tests\Unit\Application\Controllers\AdminAuthControllerTest" classname="App.Tests.Unit.Application.Controllers.AdminAuthControllerTest" assertions="1" time="0.005485">
          <system-out>Admin login request received
Request method: POST
Request headers: {"Content-Type":["application\/json"]}
Request body: {"username":"admin"}
Missing username or password in request
</system-out>
        </testcase>
        <testcase name="testLoginWithSessionFailure" file="/Users/idmcalculus/Documents/calcfolio/backend/tests/Unit/Application/Controllers/AdminAuthControllerTest.php" line="254" class="App\Tests\Unit\Application\Controllers\AdminAuthControllerTest" classname="App.Tests.Unit.Application.Controllers.AdminAuthControllerTest" assertions="1" time="0.006210">
          <system-out>Admin login request received
Request method: POST
Request headers: {"Content-Type":["application\/json"]}
Request body: {"username":"admin","password":"password123"}
Attempting to authenticate user: admin
Authentication successful, attempting login
Session login failed
</system-out>
        </testcase>
        <testcase name="testLogoutWhenNotAuthenticated" file="/Users/idmcalculus/Documents/calcfolio/backend/tests/Unit/Application/Controllers/AdminAuthControllerTest.php" line="382" class="App\Tests\Unit\Application\Controllers\AdminAuthControllerTest" classname="App.Tests.Unit.Application.Controllers.AdminAuthControllerTest" assertions="1" time="0.004348"/>
        <testcase name="testRecoverSessionNotAuthenticated" file="/Users/idmcalculus/Documents/calcfolio/backend/tests/Unit/Application/Controllers/AdminAuthControllerTest.php" line="490" class="App\Tests\Unit\Application\Controllers\AdminAuthControllerTest" classname="App.Tests.Unit.Application.Controllers.AdminAuthControllerTest" assertions="1" time="0.003776"/>
        <testcase name="testCheckAuthWhenAuthenticated" file="/Users/idmcalculus/Documents/calcfolio/backend/tests/Unit/Application/Controllers/AdminAuthControllerTest.php" line="410" class="App\Tests\Unit\Application\Controllers\AdminAuthControllerTest" classname="App.Tests.Unit.Application.Controllers.AdminAuthControllerTest" assertions="1" time="0.004443"/>
        <testcase name="testLoginWithMissingUsername" file="/Users/idmcalculus/Documents/calcfolio/backend/tests/Unit/Application/Controllers/AdminAuthControllerTest.php" line="136" class="App\Tests\Unit\Application\Controllers\AdminAuthControllerTest" classname="App.Tests.Unit.Application.Controllers.AdminAuthControllerTest" assertions="1" time="0.005438">
          <system-out>Admin login request received
Request method: POST
Request headers: {"Content-Type":["application\/json"]}
Request body: {"password":"password123"}
Missing username or password in request
</system-out>
        </testcase>
        <testcase name="testCheckAuthWhenNotAuthenticated" file="/Users/idmcalculus/Documents/calcfolio/backend/tests/Unit/Application/Controllers/AdminAuthControllerTest.php" line="444" class="App\Tests\Unit\Application\Controllers\AdminAuthControllerTest" classname="App.Tests.Unit.Application.Controllers.AdminAuthControllerTest" assertions="1" time="0.003975"/>
        <testcase name="testLoginWithException" file="/Users/idmcalculus/Documents/calcfolio/backend/tests/Unit/Application/Controllers/AdminAuthControllerTest.php" line="307" class="App\Tests\Unit\Application\Controllers\AdminAuthControllerTest" classname="App.Tests.Unit.Application.Controllers.AdminAuthControllerTest" assertions="1" time="0.006510">
          <system-out>Admin login request received
Request method: POST
Request headers: {"Content-Type":["application\/json"]}
Request body: {"username":"admin","password":"password123"}
Attempting to authenticate user: admin
Admin login exception: Database connection failed
Stack trace: #0 /Users/idmcalculus/Documents/calcfolio/backend/vendor/phpunit/phpunit/src/Framework/TestCase.php(1316): App\Tests\Unit\Application\Controllers\AdminAuthControllerTest-&gt;testLoginWithException()
#1 /Users/idmcalculus/Documents/calcfolio/backend/vendor/phpunit/phpunit/src/Framework/TestCase.php(516): PHPUnit\Framework\TestCase-&gt;runTest()
#2 /Users/idmcalculus/Documents/calcfolio/backend/vendor/phpunit/phpunit/src/Framework/TestRunner/TestRunner.php(99): PHPUnit\Framework\TestCase-&gt;runBare()
#3 /Users/idmcalculus/Documents/calcfolio/backend/vendor/phpunit/phpunit/src/Framework/TestCase.php(357): PHPUnit\Framework\TestRunner-&gt;run(Object(App\Tests\Unit\Application\Controllers\AdminAuthControllerTest))
#4 /Users/idmcalculus/Documents/calcfolio/backend/vendor/phpunit/phpunit/src/Framework/TestSuite.php(374): PHPUnit\Framework\TestCase-&gt;run()
#5 /Users/idmcalculus/Documents/calcfolio/backend/vendor/phpunit/phpunit/src/Framework/TestSuite.php(374): PHPUnit\Framework\TestSuite-&gt;run()
#6 /Users/idmcalculus/Documents/calcfolio/backend/vendor/phpunit/phpunit/src/Framework/TestSuite.php(374): PHPUnit\Framework\TestSuite-&gt;run()
#7 /Users/idmcalculus/Documents/calcfolio/backend/vendor/phpunit/phpunit/src/TextUI/TestRunner.php(64): PHPUnit\Framework\TestSuite-&gt;run()
#8 /Users/idmcalculus/Documents/calcfolio/backend/vendor/phpunit/phpunit/src/TextUI/Application.php(229): PHPUnit\TextUI\TestRunner-&gt;run(Object(PHPUnit\TextUI\Configuration\Configuration), Object(PHPUnit\Runner\ResultCache\DefaultResultCache), Object(PHPUnit\Framework\TestSuite))
#9 /Users/idmcalculus/Documents/calcfolio/backend/vendor/phpunit/phpunit/phpunit(104): PHPUnit\TextUI\Application-&gt;run(Array)
#10 /Users/idmcalculus/Documents/calcfolio/backend/vendor/bin/phpunit(122): include('/Users/idmcalcu...')
#11 {main}
</system-out>
        </testcase>
        <testcase name="testControllerConstructor" file="/Users/idmcalculus/Documents/calcfolio/backend/tests/Unit/Application/Controllers/AdminAuthControllerTest.php" line="542" class="App\Tests\Unit\Application\Controllers\AdminAuthControllerTest" classname="App.Tests.Unit.Application.Controllers.AdminAuthControllerTest" assertions="1" time="0.002532"/>
        <testcase name="testLoginWithInvalidCredentials" file="/Users/idmcalculus/Documents/calcfolio/backend/tests/Unit/Application/Controllers/AdminAuthControllerTest.php" line="90" class="App\Tests\Unit\Application\Controllers\AdminAuthControllerTest" classname="App.Tests.Unit.Application.Controllers.AdminAuthControllerTest" assertions="1" time="0.005695">
          <system-out>Admin login request received
Request method: POST
Request headers: {"Content-Type":["application\/json"]}
Request body: {"username":"admin","password":"wrong_password"}
Attempting to authenticate user: admin
Authentication failed for user: admin
</system-out>
        </testcase>
        <testcase name="testLoginWithInvalidJson" file="/Users/idmcalculus/Documents/calcfolio/backend/tests/Unit/Application/Controllers/AdminAuthControllerTest.php" line="218" class="App\Tests\Unit\Application\Controllers\AdminAuthControllerTest" classname="App.Tests.Unit.Application.Controllers.AdminAuthControllerTest" assertions="1" time="0.006344">
          <system-out>Admin login request received
Request method: POST
Request headers: {"Content-Type":["application\/json"]}
Request body: invalid json
JSON decode error: Syntax error
</system-out>
        </testcase>
        <testcase name="testRecoverSessionWithException" file="/Users/idmcalculus/Documents/calcfolio/backend/tests/Unit/Application/Controllers/AdminAuthControllerTest.php" line="514" class="App\Tests\Unit\Application\Controllers\AdminAuthControllerTest" classname="App.Tests.Unit.Application.Controllers.AdminAuthControllerTest" assertions="1" time="0.004477">
          <system-out>Session recovery error: Session error
</system-out>
        </testcase>
        <testcase name="testLoginSuccess" file="/Users/idmcalculus/Documents/calcfolio/backend/tests/Unit/Application/Controllers/AdminAuthControllerTest.php" line="37" class="App\Tests\Unit\Application\Controllers\AdminAuthControllerTest" classname="App.Tests.Unit.Application.Controllers.AdminAuthControllerTest" assertions="1" time="0.006408">
          <system-out>Admin login request received
Request method: POST
Request headers: {"Content-Type":["application\/json"]}
Request body: {"username":"admin","password":"password123"}
Attempting to authenticate user: admin
Authentication successful, attempting login
Login successful for user: admin
</system-out>
        </testcase>
      </testsuite>
      <testsuite name="App\Tests\Unit\Domain\ValueObjects\MessageStatusTest" file="/Users/idmcalculus/Documents/calcfolio/backend/tests/Unit/Domain/ValueObjects/MessageStatusTest.php" tests="19" assertions="46" errors="1" failures="2" skipped="0" time="0.042386">
        <testcase name="testStatusAsArrayKey" file="/Users/idmcalculus/Documents/calcfolio/backend/tests/Unit/Domain/ValueObjects/MessageStatusTest.php" line="204" class="App\Tests\Unit\Domain\ValueObjects\MessageStatusTest" classname="App.Tests.Unit.Domain.ValueObjects.MessageStatusTest" assertions="0" time="0.002596">
          <error type="TypeError">App\Tests\Unit\Domain\ValueObjects\MessageStatusTest::testStatusAsArrayKey
TypeError: Cannot access offset of type App\Domain\ValueObjects\MessageStatus on array

/Users/idmcalculus/Documents/calcfolio/backend/tests/Unit/Domain/ValueObjects/MessageStatusTest.php:207</error>
        </testcase>
        <testcase name="testPendingStatus" file="/Users/idmcalculus/Documents/calcfolio/backend/tests/Unit/Domain/ValueObjects/MessageStatusTest.php" line="10" class="App\Tests\Unit\Domain\ValueObjects\MessageStatusTest" classname="App.Tests.Unit.Domain.ValueObjects.MessageStatusTest" assertions="2" time="0.002055"/>
        <testcase name="testDeliveredStatus" file="/Users/idmcalculus/Documents/calcfolio/backend/tests/Unit/Domain/ValueObjects/MessageStatusTest.php" line="18" class="App\Tests\Unit\Domain\ValueObjects\MessageStatusTest" classname="App.Tests.Unit.Domain.ValueObjects.MessageStatusTest" assertions="2" time="0.002261"/>
        <testcase name="testStatusImmutability" file="/Users/idmcalculus/Documents/calcfolio/backend/tests/Unit/Domain/ValueObjects/MessageStatusTest.php" line="77" class="App\Tests\Unit\Domain\ValueObjects\MessageStatusTest" classname="App.Tests.Unit.Domain.ValueObjects.MessageStatusTest" assertions="1" time="0.002865">
          <failure type="PHPUnit\Framework\ExpectationFailedException">App\Tests\Unit\Domain\ValueObjects\MessageStatusTest::testStatusImmutability
Failed asserting that two variables reference the same object.

/Users/idmcalculus/Documents/calcfolio/backend/tests/Unit/Domain/ValueObjects/MessageStatusTest.php:83</failure>
        </testcase>
        <testcase name="testStatusConsistency" file="/Users/idmcalculus/Documents/calcfolio/backend/tests/Unit/Domain/ValueObjects/MessageStatusTest.php" line="86" class="App\Tests\Unit\Domain\ValueObjects\MessageStatusTest" classname="App.Tests.Unit.Domain.ValueObjects.MessageStatusTest" assertions="1" time="0.002600">
          <failure type="PHPUnit\Framework\ExpectationFailedException">App\Tests\Unit\Domain\ValueObjects\MessageStatusTest::testStatusConsistency
Failed asserting that two variables reference the same object.

/Users/idmcalculus/Documents/calcfolio/backend/tests/Unit/Domain/ValueObjects/MessageStatusTest.php:93</failure>
        </testcase>
        <testcase name="testBouncedStatus" file="/Users/idmcalculus/Documents/calcfolio/backend/tests/Unit/Domain/ValueObjects/MessageStatusTest.php" line="26" class="App\Tests\Unit\Domain\ValueObjects\MessageStatusTest" classname="App.Tests.Unit.Domain.ValueObjects.MessageStatusTest" assertions="2" time="0.002090"/>
        <testcase name="testAllStatuses" file="/Users/idmcalculus/Documents/calcfolio/backend/tests/Unit/Domain/ValueObjects/MessageStatusTest.php" line="34" class="App\Tests\Unit\Domain\ValueObjects\MessageStatusTest" classname="App.Tests.Unit.Domain.ValueObjects.MessageStatusTest" assertions="3" time="0.002024"/>
        <testcase name="testStatusEquality" file="/Users/idmcalculus/Documents/calcfolio/backend/tests/Unit/Domain/ValueObjects/MessageStatusTest.php" line="49" class="App\Tests\Unit\Domain\ValueObjects\MessageStatusTest" classname="App.Tests.Unit.Domain.ValueObjects.MessageStatusTest" assertions="2" time="0.002399"/>
        <testcase name="testStatusInequality" file="/Users/idmcalculus/Documents/calcfolio/backend/tests/Unit/Domain/ValueObjects/MessageStatusTest.php" line="58" class="App\Tests\Unit\Domain\ValueObjects\MessageStatusTest" classname="App.Tests.Unit.Domain.ValueObjects.MessageStatusTest" assertions="3" time="0.001952"/>
        <testcase name="testToString" file="/Users/idmcalculus/Documents/calcfolio/backend/tests/Unit/Domain/ValueObjects/MessageStatusTest.php" line="69" class="App\Tests\Unit\Domain\ValueObjects\MessageStatusTest" classname="App.Tests.Unit.Domain.ValueObjects.MessageStatusTest" assertions="2" time="0.001972"/>
        <testcase name="testAllStatusInstancesAreUnique" file="/Users/idmcalculus/Documents/calcfolio/backend/tests/Unit/Domain/ValueObjects/MessageStatusTest.php" line="98" class="App\Tests\Unit\Domain\ValueObjects\MessageStatusTest" classname="App.Tests.Unit.Domain.ValueObjects.MessageStatusTest" assertions="3" time="0.002069"/>
        <testcase name="testStatusValuesAreCorrect" file="/Users/idmcalculus/Documents/calcfolio/backend/tests/Unit/Domain/ValueObjects/MessageStatusTest.php" line="109" class="App\Tests\Unit\Domain\ValueObjects\MessageStatusTest" classname="App.Tests.Unit.Domain.ValueObjects.MessageStatusTest" assertions="3" time="0.001896"/>
        <testcase name="testStatusStringRepresentation" file="/Users/idmcalculus/Documents/calcfolio/backend/tests/Unit/Domain/ValueObjects/MessageStatusTest.php" line="116" class="App\Tests\Unit\Domain\ValueObjects\MessageStatusTest" classname="App.Tests.Unit.Domain.ValueObjects.MessageStatusTest" assertions="3" time="0.001926"/>
        <testcase name="testStatusComparisonWithEqualsMethod" file="/Users/idmcalculus/Documents/calcfolio/backend/tests/Unit/Domain/ValueObjects/MessageStatusTest.php" line="123" class="App\Tests\Unit\Domain\ValueObjects\MessageStatusTest" classname="App.Tests.Unit.Domain.ValueObjects.MessageStatusTest" assertions="3" time="0.001961"/>
        <testcase name="testStatusComparisonWithDelivered" file="/Users/idmcalculus/Documents/calcfolio/backend/tests/Unit/Domain/ValueObjects/MessageStatusTest.php" line="132" class="App\Tests\Unit\Domain\ValueObjects\MessageStatusTest" classname="App.Tests.Unit.Domain.ValueObjects.MessageStatusTest" assertions="3" time="0.002226"/>
        <testcase name="testStatusComparisonWithBounced" file="/Users/idmcalculus/Documents/calcfolio/backend/tests/Unit/Domain/ValueObjects/MessageStatusTest.php" line="141" class="App\Tests\Unit\Domain\ValueObjects\MessageStatusTest" classname="App.Tests.Unit.Domain.ValueObjects.MessageStatusTest" assertions="3" time="0.002250"/>
        <testcase name="testStatusCanBeUsedInSwitchStatements" file="/Users/idmcalculus/Documents/calcfolio/backend/tests/Unit/Domain/ValueObjects/MessageStatusTest.php" line="150" class="App\Tests\Unit\Domain\ValueObjects\MessageStatusTest" classname="App.Tests.Unit.Domain.ValueObjects.MessageStatusTest" assertions="1" time="0.002161"/>
        <testcase name="testStatusSerialization" file="/Users/idmcalculus/Documents/calcfolio/backend/tests/Unit/Domain/ValueObjects/MessageStatusTest.php" line="172" class="App\Tests\Unit\Domain\ValueObjects\MessageStatusTest" classname="App.Tests.Unit.Domain.ValueObjects.MessageStatusTest" assertions="2" time="0.002009"/>
        <testcase name="testStatusInArrayOperations" file="/Users/idmcalculus/Documents/calcfolio/backend/tests/Unit/Domain/ValueObjects/MessageStatusTest.php" line="184" class="App\Tests\Unit\Domain\ValueObjects\MessageStatusTest" classname="App.Tests.Unit.Domain.ValueObjects.MessageStatusTest" assertions="7" time="0.003075"/>
      </testsuite>
      <testsuite name="App\Tests\Unit\Infrastructure\Database\DatabaseSetupServiceTest" file="/Users/idmcalculus/Documents/calcfolio/backend/tests/Unit/Infrastructure/Database/DatabaseSetupServiceTest.php" tests="14" assertions="10" errors="1" failures="0" skipped="0" time="0.044648">
        <testcase name="testConstructor" file="/Users/idmcalculus/Documents/calcfolio/backend/tests/Unit/Infrastructure/Database/DatabaseSetupServiceTest.php" line="33" class="App\Tests\Unit\Infrastructure\Database\DatabaseSetupServiceTest" classname="App.Tests.Unit.Infrastructure.Database.DatabaseSetupServiceTest" assertions="1" time="0.005729"/>
        <testcase name="testCreateMessagesTableStructure" file="/Users/idmcalculus/Documents/calcfolio/backend/tests/Unit/Infrastructure/Database/DatabaseSetupServiceTest.php" line="203" class="App\Tests\Unit\Infrastructure\Database\DatabaseSetupServiceTest" classname="App.Tests.Unit.Infrastructure.Database.DatabaseSetupServiceTest" assertions="0" time="0.004875">
          <error type="Mockery\Exception\NoMatchingExpectationException">App\Tests\Unit\Infrastructure\Database\DatabaseSetupServiceTest::testCreateMessagesTableStructure
Mockery\Exception\NoMatchingExpectationException: No matching handler found for Mockery_33::hasTable('admins'). Either the method was unexpected or its arguments matched no expected argument list for this method



/Users/idmcalculus/Documents/calcfolio/backend/vendor/mockery/mockery/library/Mockery/ExpectationDirector.php:90
/Users/idmcalculus/Documents/calcfolio/backend/src/Infrastructure/Database/DatabaseSetupService.php:52
/Users/idmcalculus/Documents/calcfolio/backend/src/Infrastructure/Database/DatabaseSetupService.php:23
/Users/idmcalculus/Documents/calcfolio/backend/tests/Unit/Infrastructure/Database/DatabaseSetupServiceTest.php:214</error>
        </testcase>
        <testcase name="testCheckTablesExistReturnsCorrectStatus" file="/Users/idmcalculus/Documents/calcfolio/backend/tests/Unit/Infrastructure/Database/DatabaseSetupServiceTest.php" line="129" class="App\Tests\Unit\Infrastructure\Database\DatabaseSetupServiceTest" classname="App.Tests.Unit.Infrastructure.Database.DatabaseSetupServiceTest" assertions="1" time="0.002934"/>
        <testcase name="testDropAllTablesDropsExistingTables" file="/Users/idmcalculus/Documents/calcfolio/backend/tests/Unit/Infrastructure/Database/DatabaseSetupServiceTest.php" line="154" class="App\Tests\Unit\Infrastructure\Database\DatabaseSetupServiceTest" classname="App.Tests.Unit.Infrastructure.Database.DatabaseSetupServiceTest" assertions="0" time="0.002676"/>
        <testcase name="testCheckTablesExistWithAllTablesMissing" file="/Users/idmcalculus/Documents/calcfolio/backend/tests/Unit/Infrastructure/Database/DatabaseSetupServiceTest.php" line="259" class="App\Tests\Unit\Infrastructure\Database\DatabaseSetupServiceTest" classname="App.Tests.Unit.Infrastructure.Database.DatabaseSetupServiceTest" assertions="1" time="0.002671"/>
        <testcase name="testCreateTablesIfNotExistSkipsExistingTables" file="/Users/idmcalculus/Documents/calcfolio/backend/tests/Unit/Infrastructure/Database/DatabaseSetupServiceTest.php" line="108" class="App\Tests\Unit\Infrastructure\Database\DatabaseSetupServiceTest" classname="App.Tests.Unit.Infrastructure.Database.DatabaseSetupServiceTest" assertions="0" time="0.002607"/>
        <testcase name="testCheckTablesExistWithAllTablesPresent" file="/Users/idmcalculus/Documents/calcfolio/backend/tests/Unit/Infrastructure/Database/DatabaseSetupServiceTest.php" line="284" class="App\Tests\Unit\Infrastructure\Database\DatabaseSetupServiceTest" classname="App.Tests.Unit.Infrastructure.Database.DatabaseSetupServiceTest" assertions="1" time="0.002662"/>
        <testcase name="testServiceHandlesCheckTablesExistExceptions" file="/Users/idmcalculus/Documents/calcfolio/backend/tests/Unit/Infrastructure/Database/DatabaseSetupServiceTest.php" line="321" class="App\Tests\Unit\Infrastructure\Database\DatabaseSetupServiceTest" classname="App.Tests.Unit.Infrastructure.Database.DatabaseSetupServiceTest" assertions="2" time="0.002686"/>
        <testcase name="testCreateEventLogsTableStructure" file="/Users/idmcalculus/Documents/calcfolio/backend/tests/Unit/Infrastructure/Database/DatabaseSetupServiceTest.php" line="238" class="App\Tests\Unit\Infrastructure\Database\DatabaseSetupServiceTest" classname="App.Tests.Unit.Infrastructure.Database.DatabaseSetupServiceTest" assertions="0" time="0.002421"/>
        <testcase name="testServiceHandlesSchemaExceptionsGracefully" file="/Users/idmcalculus/Documents/calcfolio/backend/tests/Unit/Infrastructure/Database/DatabaseSetupServiceTest.php" line="309" class="App\Tests\Unit\Infrastructure\Database\DatabaseSetupServiceTest" classname="App.Tests.Unit.Infrastructure.Database.DatabaseSetupServiceTest" assertions="2" time="0.003291"/>
        <testcase name="testCreateTablesIfNotExistCreatesAllTables" file="/Users/idmcalculus/Documents/calcfolio/backend/tests/Unit/Infrastructure/Database/DatabaseSetupServiceTest.php" line="38" class="App\Tests\Unit\Infrastructure\Database\DatabaseSetupServiceTest" classname="App.Tests.Unit.Infrastructure.Database.DatabaseSetupServiceTest" assertions="0" time="0.004323"/>
        <testcase name="testCreateAdminsTableStructure" file="/Users/idmcalculus/Documents/calcfolio/backend/tests/Unit/Infrastructure/Database/DatabaseSetupServiceTest.php" line="217" class="App\Tests\Unit\Infrastructure\Database\DatabaseSetupServiceTest" classname="App.Tests.Unit.Infrastructure.Database.DatabaseSetupServiceTest" assertions="0" time="0.002506"/>
        <testcase name="testServiceHandlesDropAllTablesExceptions" file="/Users/idmcalculus/Documents/calcfolio/backend/tests/Unit/Infrastructure/Database/DatabaseSetupServiceTest.php" line="333" class="App\Tests\Unit\Infrastructure\Database\DatabaseSetupServiceTest" classname="App.Tests.Unit.Infrastructure.Database.DatabaseSetupServiceTest" assertions="2" time="0.002935"/>
        <testcase name="testDropAllTablesWhenNoTablesExist" file="/Users/idmcalculus/Documents/calcfolio/backend/tests/Unit/Infrastructure/Database/DatabaseSetupServiceTest.php" line="183" class="App\Tests\Unit\Infrastructure\Database\DatabaseSetupServiceTest" classname="App.Tests.Unit.Infrastructure.Database.DatabaseSetupServiceTest" assertions="0" time="0.002332"/>
      </testsuite>
      <testsuite name="App\Tests\Unit\Infrastructure\Database\EloquentAdminRepositoryTest" file="/Users/idmcalculus/Documents/calcfolio/backend/tests/Unit/Infrastructure/Database/EloquentAdminRepositoryTest.php" tests="19" assertions="0" errors="19" failures="0" skipped="0" time="0.118880">
        <testcase name="testFindByUsernameReturnsAdminWhenFound" file="/Users/idmcalculus/Documents/calcfolio/backend/tests/Unit/Infrastructure/Database/EloquentAdminRepositoryTest.php" line="61" class="App\Tests\Unit\Infrastructure\Database\EloquentAdminRepositoryTest" classname="App.Tests.Unit.Infrastructure.Database.EloquentAdminRepositoryTest" assertions="0" time="0.029767">
          <error type="Mockery\Exception\BadMethodCallException">App\Tests\Unit\Infrastructure\Database\EloquentAdminRepositoryTest::testFindByUsernameReturnsAdminWhenFound
Mockery\Exception\BadMethodCallException: Received Mockery_34_App_Models_Admin::setAttribute(), but no expectations were specified

/Users/idmcalculus/Documents/calcfolio/backend/vendor/illuminate/database/Eloquent/Model.php:2432
/Users/idmcalculus/Documents/calcfolio/backend/tests/Unit/Infrastructure/Database/EloquentAdminRepositoryTest.php:64</error>
        </testcase>
        <testcase name="testCreateReturnsAdmin" file="/Users/idmcalculus/Documents/calcfolio/backend/tests/Unit/Infrastructure/Database/EloquentAdminRepositoryTest.php" line="103" class="App\Tests\Unit\Infrastructure\Database\EloquentAdminRepositoryTest" classname="App.Tests.Unit.Infrastructure.Database.EloquentAdminRepositoryTest" assertions="0" time="0.002931">
          <error type="Mockery\Exception\BadMethodCallException">App\Tests\Unit\Infrastructure\Database\EloquentAdminRepositoryTest::testCreateReturnsAdmin
Mockery\Exception\BadMethodCallException: Received Mockery_34_App_Models_Admin::setAttribute(), but no expectations were specified

/Users/idmcalculus/Documents/calcfolio/backend/vendor/illuminate/database/Eloquent/Model.php:2432
/Users/idmcalculus/Documents/calcfolio/backend/tests/Unit/Infrastructure/Database/EloquentAdminRepositoryTest.php:111</error>
        </testcase>
        <testcase name="testUpdateReturnsFalseWhenModelNotFound" file="/Users/idmcalculus/Documents/calcfolio/backend/tests/Unit/Infrastructure/Database/EloquentAdminRepositoryTest.php" line="150" class="App\Tests\Unit\Infrastructure\Database\EloquentAdminRepositoryTest" classname="App.Tests.Unit.Infrastructure.Database.EloquentAdminRepositoryTest" assertions="0" time="0.009921">
          <error type="Error">App\Tests\Unit\Infrastructure\Database\EloquentAdminRepositoryTest::testUpdateReturnsFalseWhenModelNotFound
Error: Call to a member function connection() on null

/Users/idmcalculus/Documents/calcfolio/backend/vendor/illuminate/database/Eloquent/Model.php:1977
/Users/idmcalculus/Documents/calcfolio/backend/vendor/illuminate/database/Eloquent/Model.php:1943
/Users/idmcalculus/Documents/calcfolio/backend/vendor/illuminate/database/Eloquent/Model.php:1711
/Users/idmcalculus/Documents/calcfolio/backend/vendor/illuminate/database/Eloquent/Model.php:1609
/Users/idmcalculus/Documents/calcfolio/backend/vendor/illuminate/database/Eloquent/Model.php:1645
/Users/idmcalculus/Documents/calcfolio/backend/vendor/illuminate/database/Eloquent/Model.php:1598
/Users/idmcalculus/Documents/calcfolio/backend/vendor/illuminate/database/Eloquent/Model.php:2537
/Users/idmcalculus/Documents/calcfolio/backend/vendor/illuminate/database/Eloquent/Model.php:2553
/Users/idmcalculus/Documents/calcfolio/backend/tests/Unit/Infrastructure/Database/EloquentAdminRepositoryTest.php:152</error>
        </testcase>
        <testcase name="testGetAllReturnsArrayOfAdmins" file="/Users/idmcalculus/Documents/calcfolio/backend/tests/Unit/Infrastructure/Database/EloquentAdminRepositoryTest.php" line="246" class="App\Tests\Unit\Infrastructure\Database\EloquentAdminRepositoryTest" classname="App.Tests.Unit.Infrastructure.Database.EloquentAdminRepositoryTest" assertions="0" time="0.002980">
          <error type="Mockery\Exception\BadMethodCallException">App\Tests\Unit\Infrastructure\Database\EloquentAdminRepositoryTest::testGetAllReturnsArrayOfAdmins
Mockery\Exception\BadMethodCallException: Received Mockery_34_App_Models_Admin::setAttribute(), but no expectations were specified

/Users/idmcalculus/Documents/calcfolio/backend/vendor/illuminate/database/Eloquent/Model.php:2432
/Users/idmcalculus/Documents/calcfolio/backend/tests/Unit/Infrastructure/Database/EloquentAdminRepositoryTest.php:249</error>
        </testcase>
        <testcase name="testModelToEntityConvertsCorrectly" file="/Users/idmcalculus/Documents/calcfolio/backend/tests/Unit/Infrastructure/Database/EloquentAdminRepositoryTest.php" line="316" class="App\Tests\Unit\Infrastructure\Database\EloquentAdminRepositoryTest" classname="App.Tests.Unit.Infrastructure.Database.EloquentAdminRepositoryTest" assertions="0" time="0.002872">
          <error type="Mockery\Exception\BadMethodCallException">App\Tests\Unit\Infrastructure\Database\EloquentAdminRepositoryTest::testModelToEntityConvertsCorrectly
Mockery\Exception\BadMethodCallException: Received Mockery_34_App_Models_Admin::setAttribute(), but no expectations were specified

/Users/idmcalculus/Documents/calcfolio/backend/vendor/illuminate/database/Eloquent/Model.php:2432
/Users/idmcalculus/Documents/calcfolio/backend/tests/Unit/Infrastructure/Database/EloquentAdminRepositoryTest.php:319</error>
        </testcase>
        <testcase name="testCreateWithMinimalData" file="/Users/idmcalculus/Documents/calcfolio/backend/tests/Unit/Infrastructure/Database/EloquentAdminRepositoryTest.php" line="378" class="App\Tests\Unit\Infrastructure\Database\EloquentAdminRepositoryTest" classname="App.Tests.Unit.Infrastructure.Database.EloquentAdminRepositoryTest" assertions="0" time="0.002899">
          <error type="Mockery\Exception\BadMethodCallException">App\Tests\Unit\Infrastructure\Database\EloquentAdminRepositoryTest::testCreateWithMinimalData
Mockery\Exception\BadMethodCallException: Received Mockery_34_App_Models_Admin::setAttribute(), but no expectations were specified

/Users/idmcalculus/Documents/calcfolio/backend/vendor/illuminate/database/Eloquent/Model.php:2432
/Users/idmcalculus/Documents/calcfolio/backend/tests/Unit/Infrastructure/Database/EloquentAdminRepositoryTest.php:386</error>
        </testcase>
        <testcase name="testUpdateReturnsTrueWhenSuccessful" file="/Users/idmcalculus/Documents/calcfolio/backend/tests/Unit/Infrastructure/Database/EloquentAdminRepositoryTest.php" line="132" class="App\Tests\Unit\Infrastructure\Database\EloquentAdminRepositoryTest" classname="App.Tests.Unit.Infrastructure.Database.EloquentAdminRepositoryTest" assertions="0" time="0.004875">
          <error type="Error">App\Tests\Unit\Infrastructure\Database\EloquentAdminRepositoryTest::testUpdateReturnsTrueWhenSuccessful
Error: Call to a member function connection() on null

/Users/idmcalculus/Documents/calcfolio/backend/vendor/illuminate/database/Eloquent/Model.php:1977
/Users/idmcalculus/Documents/calcfolio/backend/vendor/illuminate/database/Eloquent/Model.php:1943
/Users/idmcalculus/Documents/calcfolio/backend/vendor/illuminate/database/Eloquent/Model.php:1711
/Users/idmcalculus/Documents/calcfolio/backend/vendor/illuminate/database/Eloquent/Model.php:1609
/Users/idmcalculus/Documents/calcfolio/backend/vendor/illuminate/database/Eloquent/Model.php:1645
/Users/idmcalculus/Documents/calcfolio/backend/vendor/illuminate/database/Eloquent/Model.php:1598
/Users/idmcalculus/Documents/calcfolio/backend/vendor/illuminate/database/Eloquent/Model.php:2537
/Users/idmcalculus/Documents/calcfolio/backend/vendor/illuminate/database/Eloquent/Model.php:2553
/Users/idmcalculus/Documents/calcfolio/backend/tests/Unit/Infrastructure/Database/EloquentAdminRepositoryTest.php:140</error>
        </testcase>
        <testcase name="testDeleteReturnsTrueWhenSuccessful" file="/Users/idmcalculus/Documents/calcfolio/backend/tests/Unit/Infrastructure/Database/EloquentAdminRepositoryTest.php" line="162" class="App\Tests\Unit\Infrastructure\Database\EloquentAdminRepositoryTest" classname="App.Tests.Unit.Infrastructure.Database.EloquentAdminRepositoryTest" assertions="0" time="0.004464">
          <error type="Error">App\Tests\Unit\Infrastructure\Database\EloquentAdminRepositoryTest::testDeleteReturnsTrueWhenSuccessful
Error: Call to a member function connection() on null

/Users/idmcalculus/Documents/calcfolio/backend/vendor/illuminate/database/Eloquent/Model.php:1977
/Users/idmcalculus/Documents/calcfolio/backend/vendor/illuminate/database/Eloquent/Model.php:1943
/Users/idmcalculus/Documents/calcfolio/backend/vendor/illuminate/database/Eloquent/Model.php:1711
/Users/idmcalculus/Documents/calcfolio/backend/vendor/illuminate/database/Eloquent/Model.php:1609
/Users/idmcalculus/Documents/calcfolio/backend/vendor/illuminate/database/Eloquent/Model.php:1645
/Users/idmcalculus/Documents/calcfolio/backend/vendor/illuminate/database/Eloquent/Model.php:1598
/Users/idmcalculus/Documents/calcfolio/backend/vendor/illuminate/database/Eloquent/Model.php:2537
/Users/idmcalculus/Documents/calcfolio/backend/vendor/illuminate/database/Eloquent/Model.php:2553
/Users/idmcalculus/Documents/calcfolio/backend/tests/Unit/Infrastructure/Database/EloquentAdminRepositoryTest.php:169</error>
        </testcase>
        <testcase name="testDeleteReturnsFalseWhenModelNotFound" file="/Users/idmcalculus/Documents/calcfolio/backend/tests/Unit/Infrastructure/Database/EloquentAdminRepositoryTest.php" line="179" class="App\Tests\Unit\Infrastructure\Database\EloquentAdminRepositoryTest" classname="App.Tests.Unit.Infrastructure.Database.EloquentAdminRepositoryTest" assertions="0" time="0.003808">
          <error type="Error">App\Tests\Unit\Infrastructure\Database\EloquentAdminRepositoryTest::testDeleteReturnsFalseWhenModelNotFound
Error: Call to a member function connection() on null

/Users/idmcalculus/Documents/calcfolio/backend/vendor/illuminate/database/Eloquent/Model.php:1977
/Users/idmcalculus/Documents/calcfolio/backend/vendor/illuminate/database/Eloquent/Model.php:1943
/Users/idmcalculus/Documents/calcfolio/backend/vendor/illuminate/database/Eloquent/Model.php:1711
/Users/idmcalculus/Documents/calcfolio/backend/vendor/illuminate/database/Eloquent/Model.php:1609
/Users/idmcalculus/Documents/calcfolio/backend/vendor/illuminate/database/Eloquent/Model.php:1645
/Users/idmcalculus/Documents/calcfolio/backend/vendor/illuminate/database/Eloquent/Model.php:1598
/Users/idmcalculus/Documents/calcfolio/backend/vendor/illuminate/database/Eloquent/Model.php:2537
/Users/idmcalculus/Documents/calcfolio/backend/vendor/illuminate/database/Eloquent/Model.php:2553
/Users/idmcalculus/Documents/calcfolio/backend/tests/Unit/Infrastructure/Database/EloquentAdminRepositoryTest.php:181</error>
        </testcase>
        <testcase name="testUsernameExistsReturnsFalseWhenNotExists" file="/Users/idmcalculus/Documents/calcfolio/backend/tests/Unit/Infrastructure/Database/EloquentAdminRepositoryTest.php" line="208" class="App\Tests\Unit\Infrastructure\Database\EloquentAdminRepositoryTest" classname="App.Tests.Unit.Infrastructure.Database.EloquentAdminRepositoryTest" assertions="0" time="0.004489">
          <error type="Error">App\Tests\Unit\Infrastructure\Database\EloquentAdminRepositoryTest::testUsernameExistsReturnsFalseWhenNotExists
Error: Call to a member function connection() on null

/Users/idmcalculus/Documents/calcfolio/backend/vendor/illuminate/database/Eloquent/Model.php:1977
/Users/idmcalculus/Documents/calcfolio/backend/vendor/illuminate/database/Eloquent/Model.php:1943
/Users/idmcalculus/Documents/calcfolio/backend/vendor/illuminate/database/Eloquent/Model.php:1711
/Users/idmcalculus/Documents/calcfolio/backend/vendor/illuminate/database/Eloquent/Model.php:1609
/Users/idmcalculus/Documents/calcfolio/backend/vendor/illuminate/database/Eloquent/Model.php:1645
/Users/idmcalculus/Documents/calcfolio/backend/vendor/illuminate/database/Eloquent/Model.php:1598
/Users/idmcalculus/Documents/calcfolio/backend/vendor/illuminate/database/Eloquent/Model.php:2537
/Users/idmcalculus/Documents/calcfolio/backend/vendor/illuminate/database/Eloquent/Model.php:2553
/Users/idmcalculus/Documents/calcfolio/backend/tests/Unit/Infrastructure/Database/EloquentAdminRepositoryTest.php:215</error>
        </testcase>
        <testcase name="testUsernameExistsHandlesNullExcludeId" file="/Users/idmcalculus/Documents/calcfolio/backend/tests/Unit/Infrastructure/Database/EloquentAdminRepositoryTest.php" line="340" class="App\Tests\Unit\Infrastructure\Database\EloquentAdminRepositoryTest" classname="App.Tests.Unit.Infrastructure.Database.EloquentAdminRepositoryTest" assertions="0" time="0.004652">
          <error type="Error">App\Tests\Unit\Infrastructure\Database\EloquentAdminRepositoryTest::testUsernameExistsHandlesNullExcludeId
Error: Call to a member function connection() on null

/Users/idmcalculus/Documents/calcfolio/backend/vendor/illuminate/database/Eloquent/Model.php:1977
/Users/idmcalculus/Documents/calcfolio/backend/vendor/illuminate/database/Eloquent/Model.php:1943
/Users/idmcalculus/Documents/calcfolio/backend/vendor/illuminate/database/Eloquent/Model.php:1711
/Users/idmcalculus/Documents/calcfolio/backend/vendor/illuminate/database/Eloquent/Model.php:1609
/Users/idmcalculus/Documents/calcfolio/backend/vendor/illuminate/database/Eloquent/Model.php:1645
/Users/idmcalculus/Documents/calcfolio/backend/vendor/illuminate/database/Eloquent/Model.php:1598
/Users/idmcalculus/Documents/calcfolio/backend/vendor/illuminate/database/Eloquent/Model.php:2537
/Users/idmcalculus/Documents/calcfolio/backend/vendor/illuminate/database/Eloquent/Model.php:2553
/Users/idmcalculus/Documents/calcfolio/backend/tests/Unit/Infrastructure/Database/EloquentAdminRepositoryTest.php:347</error>
        </testcase>
        <testcase name="testUpdateWithMultipleFields" file="/Users/idmcalculus/Documents/calcfolio/backend/tests/Unit/Infrastructure/Database/EloquentAdminRepositoryTest.php" line="403" class="App\Tests\Unit\Infrastructure\Database\EloquentAdminRepositoryTest" classname="App.Tests.Unit.Infrastructure.Database.EloquentAdminRepositoryTest" assertions="0" time="0.004540">
          <error type="Error">App\Tests\Unit\Infrastructure\Database\EloquentAdminRepositoryTest::testUpdateWithMultipleFields
Error: Call to a member function connection() on null

/Users/idmcalculus/Documents/calcfolio/backend/vendor/illuminate/database/Eloquent/Model.php:1977
/Users/idmcalculus/Documents/calcfolio/backend/vendor/illuminate/database/Eloquent/Model.php:1943
/Users/idmcalculus/Documents/calcfolio/backend/vendor/illuminate/database/Eloquent/Model.php:1711
/Users/idmcalculus/Documents/calcfolio/backend/vendor/illuminate/database/Eloquent/Model.php:1609
/Users/idmcalculus/Documents/calcfolio/backend/vendor/illuminate/database/Eloquent/Model.php:1645
/Users/idmcalculus/Documents/calcfolio/backend/vendor/illuminate/database/Eloquent/Model.php:1598
/Users/idmcalculus/Documents/calcfolio/backend/vendor/illuminate/database/Eloquent/Model.php:2537
/Users/idmcalculus/Documents/calcfolio/backend/vendor/illuminate/database/Eloquent/Model.php:2553
/Users/idmcalculus/Documents/calcfolio/backend/tests/Unit/Infrastructure/Database/EloquentAdminRepositoryTest.php:416</error>
        </testcase>
        <testcase name="testFindByUsernameReturnsNullWhenNotFound" file="/Users/idmcalculus/Documents/calcfolio/backend/tests/Unit/Infrastructure/Database/EloquentAdminRepositoryTest.php" line="86" class="App\Tests\Unit\Infrastructure\Database\EloquentAdminRepositoryTest" classname="App.Tests.Unit.Infrastructure.Database.EloquentAdminRepositoryTest" assertions="0" time="0.004541">
          <error type="Error">App\Tests\Unit\Infrastructure\Database\EloquentAdminRepositoryTest::testFindByUsernameReturnsNullWhenNotFound
Error: Call to a member function connection() on null

/Users/idmcalculus/Documents/calcfolio/backend/vendor/illuminate/database/Eloquent/Model.php:1977
/Users/idmcalculus/Documents/calcfolio/backend/vendor/illuminate/database/Eloquent/Model.php:1943
/Users/idmcalculus/Documents/calcfolio/backend/vendor/illuminate/database/Eloquent/Model.php:1711
/Users/idmcalculus/Documents/calcfolio/backend/vendor/illuminate/database/Eloquent/Model.php:1609
/Users/idmcalculus/Documents/calcfolio/backend/vendor/illuminate/database/Eloquent/Model.php:1645
/Users/idmcalculus/Documents/calcfolio/backend/vendor/illuminate/database/Eloquent/Model.php:1598
/Users/idmcalculus/Documents/calcfolio/backend/vendor/illuminate/database/Eloquent/Model.php:2537
/Users/idmcalculus/Documents/calcfolio/backend/vendor/illuminate/database/Eloquent/Model.php:2553
/Users/idmcalculus/Documents/calcfolio/backend/tests/Unit/Infrastructure/Database/EloquentAdminRepositoryTest.php:93</error>
        </testcase>
        <testcase name="testUsernameExistsReturnsTrueWhenExists" file="/Users/idmcalculus/Documents/calcfolio/backend/tests/Unit/Infrastructure/Database/EloquentAdminRepositoryTest.php" line="191" class="App\Tests\Unit\Infrastructure\Database\EloquentAdminRepositoryTest" classname="App.Tests.Unit.Infrastructure.Database.EloquentAdminRepositoryTest" assertions="0" time="0.004720">
          <error type="Error">App\Tests\Unit\Infrastructure\Database\EloquentAdminRepositoryTest::testUsernameExistsReturnsTrueWhenExists
Error: Call to a member function connection() on null

/Users/idmcalculus/Documents/calcfolio/backend/vendor/illuminate/database/Eloquent/Model.php:1977
/Users/idmcalculus/Documents/calcfolio/backend/vendor/illuminate/database/Eloquent/Model.php:1943
/Users/idmcalculus/Documents/calcfolio/backend/vendor/illuminate/database/Eloquent/Model.php:1711
/Users/idmcalculus/Documents/calcfolio/backend/vendor/illuminate/database/Eloquent/Model.php:1609
/Users/idmcalculus/Documents/calcfolio/backend/vendor/illuminate/database/Eloquent/Model.php:1645
/Users/idmcalculus/Documents/calcfolio/backend/vendor/illuminate/database/Eloquent/Model.php:1598
/Users/idmcalculus/Documents/calcfolio/backend/vendor/illuminate/database/Eloquent/Model.php:2537
/Users/idmcalculus/Documents/calcfolio/backend/vendor/illuminate/database/Eloquent/Model.php:2553
/Users/idmcalculus/Documents/calcfolio/backend/tests/Unit/Infrastructure/Database/EloquentAdminRepositoryTest.php:198</error>
        </testcase>
        <testcase name="testUsernameExistsWithZeroExcludeId" file="/Users/idmcalculus/Documents/calcfolio/backend/tests/Unit/Infrastructure/Database/EloquentAdminRepositoryTest.php" line="357" class="App\Tests\Unit\Infrastructure\Database\EloquentAdminRepositoryTest" classname="App.Tests.Unit.Infrastructure.Database.EloquentAdminRepositoryTest" assertions="0" time="0.004482">
          <error type="Error">App\Tests\Unit\Infrastructure\Database\EloquentAdminRepositoryTest::testUsernameExistsWithZeroExcludeId
Error: Call to a member function connection() on null

/Users/idmcalculus/Documents/calcfolio/backend/vendor/illuminate/database/Eloquent/Model.php:1977
/Users/idmcalculus/Documents/calcfolio/backend/vendor/illuminate/database/Eloquent/Model.php:1943
/Users/idmcalculus/Documents/calcfolio/backend/vendor/illuminate/database/Eloquent/Model.php:1711
/Users/idmcalculus/Documents/calcfolio/backend/vendor/illuminate/database/Eloquent/Model.php:1609
/Users/idmcalculus/Documents/calcfolio/backend/vendor/illuminate/database/Eloquent/Model.php:1645
/Users/idmcalculus/Documents/calcfolio/backend/vendor/illuminate/database/Eloquent/Model.php:1598
/Users/idmcalculus/Documents/calcfolio/backend/vendor/illuminate/database/Eloquent/Model.php:2537
/Users/idmcalculus/Documents/calcfolio/backend/vendor/illuminate/database/Eloquent/Model.php:2553
/Users/idmcalculus/Documents/calcfolio/backend/tests/Unit/Infrastructure/Database/EloquentAdminRepositoryTest.php:368</error>
        </testcase>
        <testcase name="testUsernameExistsWithExcludeId" file="/Users/idmcalculus/Documents/calcfolio/backend/tests/Unit/Infrastructure/Database/EloquentAdminRepositoryTest.php" line="225" class="App\Tests\Unit\Infrastructure\Database\EloquentAdminRepositoryTest" classname="App.Tests.Unit.Infrastructure.Database.EloquentAdminRepositoryTest" assertions="0" time="0.004236">
          <error type="Error">App\Tests\Unit\Infrastructure\Database\EloquentAdminRepositoryTest::testUsernameExistsWithExcludeId
Error: Call to a member function connection() on null

/Users/idmcalculus/Documents/calcfolio/backend/vendor/illuminate/database/Eloquent/Model.php:1977
/Users/idmcalculus/Documents/calcfolio/backend/vendor/illuminate/database/Eloquent/Model.php:1943
/Users/idmcalculus/Documents/calcfolio/backend/vendor/illuminate/database/Eloquent/Model.php:1711
/Users/idmcalculus/Documents/calcfolio/backend/vendor/illuminate/database/Eloquent/Model.php:1609
/Users/idmcalculus/Documents/calcfolio/backend/vendor/illuminate/database/Eloquent/Model.php:1645
/Users/idmcalculus/Documents/calcfolio/backend/vendor/illuminate/database/Eloquent/Model.php:1598
/Users/idmcalculus/Documents/calcfolio/backend/vendor/illuminate/database/Eloquent/Model.php:2537
/Users/idmcalculus/Documents/calcfolio/backend/vendor/illuminate/database/Eloquent/Model.php:2553
/Users/idmcalculus/Documents/calcfolio/backend/tests/Unit/Infrastructure/Database/EloquentAdminRepositoryTest.php:236</error>
        </testcase>
        <testcase name="testFindByIdReturnsNullWhenNotFound" file="/Users/idmcalculus/Documents/calcfolio/backend/tests/Unit/Infrastructure/Database/EloquentAdminRepositoryTest.php" line="49" class="App\Tests\Unit\Infrastructure\Database\EloquentAdminRepositoryTest" classname="App.Tests.Unit.Infrastructure.Database.EloquentAdminRepositoryTest" assertions="0" time="0.003305">
          <error type="Error">App\Tests\Unit\Infrastructure\Database\EloquentAdminRepositoryTest::testFindByIdReturnsNullWhenNotFound
Error: Call to a member function connection() on null

/Users/idmcalculus/Documents/calcfolio/backend/vendor/illuminate/database/Eloquent/Model.php:1977
/Users/idmcalculus/Documents/calcfolio/backend/vendor/illuminate/database/Eloquent/Model.php:1943
/Users/idmcalculus/Documents/calcfolio/backend/vendor/illuminate/database/Eloquent/Model.php:1711
/Users/idmcalculus/Documents/calcfolio/backend/vendor/illuminate/database/Eloquent/Model.php:1609
/Users/idmcalculus/Documents/calcfolio/backend/vendor/illuminate/database/Eloquent/Model.php:1645
/Users/idmcalculus/Documents/calcfolio/backend/vendor/illuminate/database/Eloquent/Model.php:1598
/Users/idmcalculus/Documents/calcfolio/backend/vendor/illuminate/database/Eloquent/Model.php:2537
/Users/idmcalculus/Documents/calcfolio/backend/vendor/illuminate/database/Eloquent/Model.php:2553
/Users/idmcalculus/Documents/calcfolio/backend/tests/Unit/Infrastructure/Database/EloquentAdminRepositoryTest.php:51</error>
        </testcase>
        <testcase name="testGetAllReturnsEmptyArrayWhenNoAdmins" file="/Users/idmcalculus/Documents/calcfolio/backend/tests/Unit/Infrastructure/Database/EloquentAdminRepositoryTest.php" line="296" class="App\Tests\Unit\Infrastructure\Database\EloquentAdminRepositoryTest" classname="App.Tests.Unit.Infrastructure.Database.EloquentAdminRepositoryTest" assertions="0" time="0.016432">
          <error type="Error">App\Tests\Unit\Infrastructure\Database\EloquentAdminRepositoryTest::testGetAllReturnsEmptyArrayWhenNoAdmins
Error: Call to a member function connection() on null

/Users/idmcalculus/Documents/calcfolio/backend/vendor/illuminate/database/Eloquent/Model.php:1977
/Users/idmcalculus/Documents/calcfolio/backend/vendor/illuminate/database/Eloquent/Model.php:1943
/Users/idmcalculus/Documents/calcfolio/backend/vendor/illuminate/database/Eloquent/Model.php:1711
/Users/idmcalculus/Documents/calcfolio/backend/vendor/illuminate/database/Eloquent/Model.php:1609
/Users/idmcalculus/Documents/calcfolio/backend/vendor/illuminate/database/Eloquent/Model.php:1645
/Users/idmcalculus/Documents/calcfolio/backend/vendor/illuminate/database/Eloquent/Model.php:1598
/Users/idmcalculus/Documents/calcfolio/backend/vendor/illuminate/database/Eloquent/Model.php:2537
/Users/idmcalculus/Documents/calcfolio/backend/vendor/illuminate/database/Eloquent/Model.php:2553
/Users/idmcalculus/Documents/calcfolio/backend/tests/Unit/Infrastructure/Database/EloquentAdminRepositoryTest.php:306</error>
        </testcase>
        <testcase name="testFindByIdReturnsAdminWhenFound" file="/Users/idmcalculus/Documents/calcfolio/backend/tests/Unit/Infrastructure/Database/EloquentAdminRepositoryTest.php" line="27" class="App\Tests\Unit\Infrastructure\Database\EloquentAdminRepositoryTest" classname="App.Tests.Unit.Infrastructure.Database.EloquentAdminRepositoryTest" assertions="0" time="0.002967">
          <error type="Mockery\Exception\BadMethodCallException">App\Tests\Unit\Infrastructure\Database\EloquentAdminRepositoryTest::testFindByIdReturnsAdminWhenFound
Mockery\Exception\BadMethodCallException: Received Mockery_34_App_Models_Admin::setAttribute(), but no expectations were specified

/Users/idmcalculus/Documents/calcfolio/backend/vendor/illuminate/database/Eloquent/Model.php:2432
/Users/idmcalculus/Documents/calcfolio/backend/tests/Unit/Infrastructure/Database/EloquentAdminRepositoryTest.php:30</error>
        </testcase>
      </testsuite>
      <testsuite name="App\Tests\Unit\Infrastructure\Database\EloquentMessageRepositoryTest" file="/Users/idmcalculus/Documents/calcfolio/backend/tests/Unit/Infrastructure/Database/EloquentMessageRepositoryTest.php" tests="17" assertions="0" errors="17" failures="0" skipped="0" time="0.152434">
        <testcase name="testFindByMessageIdReturnsMessageWhenFound" file="/Users/idmcalculus/Documents/calcfolio/backend/tests/Unit/Infrastructure/Database/EloquentMessageRepositoryTest.php" line="85" class="App\Tests\Unit\Infrastructure\Database\EloquentMessageRepositoryTest" classname="App.Tests.Unit.Infrastructure.Database.EloquentMessageRepositoryTest" assertions="0" time="0.022383">
          <error type="Mockery\Exception\BadMethodCallException">App\Tests\Unit\Infrastructure\Database\EloquentMessageRepositoryTest::testFindByMessageIdReturnsMessageWhenFound
Mockery\Exception\BadMethodCallException: Received Mockery_36_App_Models_Message::setAttribute(), but no expectations were specified

/Users/idmcalculus/Documents/calcfolio/backend/vendor/illuminate/database/Eloquent/Model.php:2432
/Users/idmcalculus/Documents/calcfolio/backend/tests/Unit/Infrastructure/Database/EloquentMessageRepositoryTest.php:88</error>
        </testcase>
        <testcase name="testFindByIdReturnsMessageWhenFound" file="/Users/idmcalculus/Documents/calcfolio/backend/tests/Unit/Infrastructure/Database/EloquentMessageRepositoryTest.php" line="32" class="App\Tests\Unit\Infrastructure\Database\EloquentMessageRepositoryTest" classname="App.Tests.Unit.Infrastructure.Database.EloquentMessageRepositoryTest" assertions="0" time="0.003705">
          <error type="Mockery\Exception\BadMethodCallException">App\Tests\Unit\Infrastructure\Database\EloquentMessageRepositoryTest::testFindByIdReturnsMessageWhenFound
Mockery\Exception\BadMethodCallException: Received Mockery_36_App_Models_Message::setAttribute(), but no expectations were specified

/Users/idmcalculus/Documents/calcfolio/backend/vendor/illuminate/database/Eloquent/Model.php:2432
/Users/idmcalculus/Documents/calcfolio/backend/tests/Unit/Infrastructure/Database/EloquentMessageRepositoryTest.php:49</error>
        </testcase>
        <testcase name="testGetPaginatedReturnsPaginatorWithEntities" file="/Users/idmcalculus/Documents/calcfolio/backend/tests/Unit/Infrastructure/Database/EloquentMessageRepositoryTest.php" line="132" class="App\Tests\Unit\Infrastructure\Database\EloquentMessageRepositoryTest" classname="App.Tests.Unit.Infrastructure.Database.EloquentMessageRepositoryTest" assertions="0" time="0.003070">
          <error type="Mockery\Exception\BadMethodCallException">App\Tests\Unit\Infrastructure\Database\EloquentMessageRepositoryTest::testGetPaginatedReturnsPaginatorWithEntities
Mockery\Exception\BadMethodCallException: Received Mockery_36_App_Models_Message::setAttribute(), but no expectations were specified

/Users/idmcalculus/Documents/calcfolio/backend/vendor/illuminate/database/Eloquent/Model.php:2432
/Users/idmcalculus/Documents/calcfolio/backend/tests/Unit/Infrastructure/Database/EloquentMessageRepositoryTest.php:136</error>
        </testcase>
        <testcase name="testUpdateReturnsFalseWhenModelNotFound" file="/Users/idmcalculus/Documents/calcfolio/backend/tests/Unit/Infrastructure/Database/EloquentMessageRepositoryTest.php" line="381" class="App\Tests\Unit\Infrastructure\Database\EloquentMessageRepositoryTest" classname="App.Tests.Unit.Infrastructure.Database.EloquentMessageRepositoryTest" assertions="0" time="0.004348">
          <error type="Error">App\Tests\Unit\Infrastructure\Database\EloquentMessageRepositoryTest::testUpdateReturnsFalseWhenModelNotFound
Error: Call to a member function connection() on null

/Users/idmcalculus/Documents/calcfolio/backend/vendor/illuminate/database/Eloquent/Model.php:1977
/Users/idmcalculus/Documents/calcfolio/backend/vendor/illuminate/database/Eloquent/Model.php:1943
/Users/idmcalculus/Documents/calcfolio/backend/vendor/illuminate/database/Eloquent/Model.php:1711
/Users/idmcalculus/Documents/calcfolio/backend/vendor/illuminate/database/Eloquent/Model.php:1609
/Users/idmcalculus/Documents/calcfolio/backend/vendor/illuminate/database/Eloquent/Model.php:1645
/Users/idmcalculus/Documents/calcfolio/backend/vendor/illuminate/database/Eloquent/Model.php:1598
/Users/idmcalculus/Documents/calcfolio/backend/vendor/illuminate/database/Eloquent/Model.php:2537
/Users/idmcalculus/Documents/calcfolio/backend/vendor/illuminate/database/Eloquent/Model.php:2553
/Users/idmcalculus/Documents/calcfolio/backend/tests/Unit/Infrastructure/Database/EloquentMessageRepositoryTest.php:383</error>
        </testcase>
        <testcase name="testSearchReturnsArrayOfMessages" file="/Users/idmcalculus/Documents/calcfolio/backend/tests/Unit/Infrastructure/Database/EloquentMessageRepositoryTest.php" line="485" class="App\Tests\Unit\Infrastructure\Database\EloquentMessageRepositoryTest" classname="App.Tests.Unit.Infrastructure.Database.EloquentMessageRepositoryTest" assertions="0" time="0.003306">
          <error type="Mockery\Exception\BadMethodCallException">App\Tests\Unit\Infrastructure\Database\EloquentMessageRepositoryTest::testSearchReturnsArrayOfMessages
Mockery\Exception\BadMethodCallException: Received Mockery_36_App_Models_Message::setAttribute(), but no expectations were specified

/Users/idmcalculus/Documents/calcfolio/backend/vendor/illuminate/database/Eloquent/Model.php:2432
/Users/idmcalculus/Documents/calcfolio/backend/tests/Unit/Infrastructure/Database/EloquentMessageRepositoryTest.php:488</error>
        </testcase>
        <testcase name="testFindByIdReturnsNullWhenNotFound" file="/Users/idmcalculus/Documents/calcfolio/backend/tests/Unit/Infrastructure/Database/EloquentMessageRepositoryTest.php" line="73" class="App\Tests\Unit\Infrastructure\Database\EloquentMessageRepositoryTest" classname="App.Tests.Unit.Infrastructure.Database.EloquentMessageRepositoryTest" assertions="0" time="0.003418">
          <error type="Error">App\Tests\Unit\Infrastructure\Database\EloquentMessageRepositoryTest::testFindByIdReturnsNullWhenNotFound
Error: Call to a member function connection() on null

/Users/idmcalculus/Documents/calcfolio/backend/vendor/illuminate/database/Eloquent/Model.php:1977
/Users/idmcalculus/Documents/calcfolio/backend/vendor/illuminate/database/Eloquent/Model.php:1943
/Users/idmcalculus/Documents/calcfolio/backend/vendor/illuminate/database/Eloquent/Model.php:1711
/Users/idmcalculus/Documents/calcfolio/backend/vendor/illuminate/database/Eloquent/Model.php:1609
/Users/idmcalculus/Documents/calcfolio/backend/vendor/illuminate/database/Eloquent/Model.php:1645
/Users/idmcalculus/Documents/calcfolio/backend/vendor/illuminate/database/Eloquent/Model.php:1598
/Users/idmcalculus/Documents/calcfolio/backend/vendor/illuminate/database/Eloquent/Model.php:2537
/Users/idmcalculus/Documents/calcfolio/backend/vendor/illuminate/database/Eloquent/Model.php:2553
/Users/idmcalculus/Documents/calcfolio/backend/tests/Unit/Infrastructure/Database/EloquentMessageRepositoryTest.php:75</error>
        </testcase>
[...]
/Users/idmcalculus/Documents/calcfolio/backend/tests/E2E/ContactFormApiTest.php:286</error>
        </testcase>
        <testcase name="testXssPrevention" file="/Users/idmcalculus/Documents/calcfolio/backend/tests/E2E/ContactFormApiTest.php" line="306" class="App\Tests\E2E\ContactFormApiTest" classname="App.Tests.E2E.ContactFormApiTest" assertions="0" time="0.004452">
          <error type="GuzzleHttp\Exception\ConnectException">App\Tests\E2E\ContactFormApiTest::testXssPrevention
GuzzleHttp\Exception\ConnectException: cURL error 7: Failed to connect to localhost port 8080 after 0 ms: Could not connect to server (see https://curl.haxx.se/libcurl/c/libcurl-errors.html) for http://localhost:8080/contact

/Users/idmcalculus/Documents/calcfolio/backend/vendor/guzzlehttp/guzzle/src/Handler/CurlFactory.php:277
/Users/idmcalculus/Documents/calcfolio/backend/vendor/guzzlehttp/guzzle/src/Handler/CurlFactory.php:207
/Users/idmcalculus/Documents/calcfolio/backend/vendor/guzzlehttp/guzzle/src/Handler/CurlFactory.php:159
/Users/idmcalculus/Documents/calcfolio/backend/vendor/guzzlehttp/guzzle/src/Handler/CurlHandler.php:47
/Users/idmcalculus/Documents/calcfolio/backend/vendor/guzzlehttp/guzzle/src/Handler/Proxy.php:28
/Users/idmcalculus/Documents/calcfolio/backend/vendor/guzzlehttp/guzzle/src/Handler/Proxy.php:48
/Users/idmcalculus/Documents/calcfolio/backend/vendor/guzzlehttp/guzzle/src/PrepareBodyMiddleware.php:64
/Users/idmcalculus/Documents/calcfolio/backend/vendor/guzzlehttp/guzzle/src/Middleware.php:31
/Users/idmcalculus/Documents/calcfolio/backend/vendor/guzzlehttp/guzzle/src/RedirectMiddleware.php:71
/Users/idmcalculus/Documents/calcfolio/backend/vendor/guzzlehttp/guzzle/src/Middleware.php:63
/Users/idmcalculus/Documents/calcfolio/backend/vendor/guzzlehttp/guzzle/src/HandlerStack.php:75
/Users/idmcalculus/Documents/calcfolio/backend/vendor/guzzlehttp/guzzle/src/Client.php:333
/Users/idmcalculus/Documents/calcfolio/backend/vendor/guzzlehttp/guzzle/src/Client.php:169
/Users/idmcalculus/Documents/calcfolio/backend/vendor/guzzlehttp/guzzle/src/Client.php:189
/Users/idmcalculus/Documents/calcfolio/backend/vendor/guzzlehttp/guzzle/src/ClientTrait.php:95
/Users/idmcalculus/Documents/calcfolio/backend/tests/E2E/ContactFormApiTest.php:315</error>
        </testcase>
        <testcase name="testMessageStatusEndpointWithInvalidId" file="/Users/idmcalculus/Documents/calcfolio/backend/tests/E2E/ContactFormApiTest.php" line="156" class="App\Tests\E2E\ContactFormApiTest" classname="App.Tests.E2E.ContactFormApiTest" assertions="0" time="0.004574">
          <error type="GuzzleHttp\Exception\ConnectException">App\Tests\E2E\ContactFormApiTest::testMessageStatusEndpointWithInvalidId
GuzzleHttp\Exception\ConnectException: cURL error 7: Failed to connect to localhost port 8080 after 0 ms: Could not connect to server (see https://curl.haxx.se/libcurl/c/libcurl-errors.html) for http://localhost:8080/message/invalid_message_id

/Users/idmcalculus/Documents/calcfolio/backend/vendor/guzzlehttp/guzzle/src/Handler/CurlFactory.php:277
/Users/idmcalculus/Documents/calcfolio/backend/vendor/guzzlehttp/guzzle/src/Handler/CurlFactory.php:207
/Users/idmcalculus/Documents/calcfolio/backend/vendor/guzzlehttp/guzzle/src/Handler/CurlFactory.php:159
/Users/idmcalculus/Documents/calcfolio/backend/vendor/guzzlehttp/guzzle/src/Handler/CurlHandler.php:47
/Users/idmcalculus/Documents/calcfolio/backend/vendor/guzzlehttp/guzzle/src/Handler/Proxy.php:28
/Users/idmcalculus/Documents/calcfolio/backend/vendor/guzzlehttp/guzzle/src/Handler/Proxy.php:48
/Users/idmcalculus/Documents/calcfolio/backend/vendor/guzzlehttp/guzzle/src/PrepareBodyMiddleware.php:35
/Users/idmcalculus/Documents/calcfolio/backend/vendor/guzzlehttp/guzzle/src/Middleware.php:31
/Users/idmcalculus/Documents/calcfolio/backend/vendor/guzzlehttp/guzzle/src/RedirectMiddleware.php:71
/Users/idmcalculus/Documents/calcfolio/backend/vendor/guzzlehttp/guzzle/src/Middleware.php:63
/Users/idmcalculus/Documents/calcfolio/backend/vendor/guzzlehttp/guzzle/src/HandlerStack.php:75
/Users/idmcalculus/Documents/calcfolio/backend/vendor/guzzlehttp/guzzle/src/Client.php:333
/Users/idmcalculus/Documents/calcfolio/backend/vendor/guzzlehttp/guzzle/src/Client.php:169
/Users/idmcalculus/Documents/calcfolio/backend/vendor/guzzlehttp/guzzle/src/Client.php:189
/Users/idmcalculus/Documents/calcfolio/backend/vendor/guzzlehttp/guzzle/src/ClientTrait.php:44
/Users/idmcalculus/Documents/calcfolio/backend/tests/E2E/ContactFormApiTest.php:158</error>
        </testcase>
        <testcase name="testContentTypeValidation" file="/Users/idmcalculus/Documents/calcfolio/backend/tests/E2E/ContactFormApiTest.php" line="224" class="App\Tests\E2E\ContactFormApiTest" classname="App.Tests.E2E.ContactFormApiTest" assertions="0" time="0.005413">
          <error type="GuzzleHttp\Exception\ConnectException">App\Tests\E2E\ContactFormApiTest::testContentTypeValidation
GuzzleHttp\Exception\ConnectException: cURL error 7: Failed to connect to localhost port 8080 after 0 ms: Could not connect to server (see https://curl.haxx.se/libcurl/c/libcurl-errors.html) for http://localhost:8080/contact

/Users/idmcalculus/Documents/calcfolio/backend/vendor/guzzlehttp/guzzle/src/Handler/CurlFactory.php:277
/Users/idmcalculus/Documents/calcfolio/backend/vendor/guzzlehttp/guzzle/src/Handler/CurlFactory.php:207
/Users/idmcalculus/Documents/calcfolio/backend/vendor/guzzlehttp/guzzle/src/Handler/CurlFactory.php:159
/Users/idmcalculus/Documents/calcfolio/backend/vendor/guzzlehttp/guzzle/src/Handler/CurlHandler.php:47
/Users/idmcalculus/Documents/calcfolio/backend/vendor/guzzlehttp/guzzle/src/Handler/Proxy.php:28
/Users/idmcalculus/Documents/calcfolio/backend/vendor/guzzlehttp/guzzle/src/Handler/Proxy.php:48
/Users/idmcalculus/Documents/calcfolio/backend/vendor/guzzlehttp/guzzle/src/PrepareBodyMiddleware.php:64
/Users/idmcalculus/Documents/calcfolio/backend/vendor/guzzlehttp/guzzle/src/Middleware.php:31
/Users/idmcalculus/Documents/calcfolio/backend/vendor/guzzlehttp/guzzle/src/RedirectMiddleware.php:71
/Users/idmcalculus/Documents/calcfolio/backend/vendor/guzzlehttp/guzzle/src/Middleware.php:63
/Users/idmcalculus/Documents/calcfolio/backend/vendor/guzzlehttp/guzzle/src/HandlerStack.php:75
/Users/idmcalculus/Documents/calcfolio/backend/vendor/guzzlehttp/guzzle/src/Client.php:333
/Users/idmcalculus/Documents/calcfolio/backend/vendor/guzzlehttp/guzzle/src/Client.php:169
/Users/idmcalculus/Documents/calcfolio/backend/vendor/guzzlehttp/guzzle/src/Client.php:189
/Users/idmcalculus/Documents/calcfolio/backend/vendor/guzzlehttp/guzzle/src/ClientTrait.php:95
/Users/idmcalculus/Documents/calcfolio/backend/tests/E2E/ContactFormApiTest.php:234</error>
        </testcase>
        <testcase name="testLargeMessageHandling" file="/Users/idmcalculus/Documents/calcfolio/backend/tests/E2E/ContactFormApiTest.php" line="245" class="App\Tests\E2E\ContactFormApiTest" classname="App.Tests.E2E.ContactFormApiTest" assertions="0" time="0.004793">
          <error type="GuzzleHttp\Exception\ConnectException">App\Tests\E2E\ContactFormApiTest::testLargeMessageHandling
GuzzleHttp\Exception\ConnectException: cURL error 7: Failed to connect to localhost port 8080 after 0 ms: Could not connect to server (see https://curl.haxx.se/libcurl/c/libcurl-errors.html) for http://localhost:8080/contact

/Users/idmcalculus/Documents/calcfolio/backend/vendor/guzzlehttp/guzzle/src/Handler/CurlFactory.php:277
/Users/idmcalculus/Documents/calcfolio/backend/vendor/guzzlehttp/guzzle/src/Handler/CurlFactory.php:207
/Users/idmcalculus/Documents/calcfolio/backend/vendor/guzzlehttp/guzzle/src/Handler/CurlFactory.php:159
/Users/idmcalculus/Documents/calcfolio/backend/vendor/guzzlehttp/guzzle/src/Handler/CurlHandler.php:47
/Users/idmcalculus/Documents/calcfolio/backend/vendor/guzzlehttp/guzzle/src/Handler/Proxy.php:28
/Users/idmcalculus/Documents/calcfolio/backend/vendor/guzzlehttp/guzzle/src/Handler/Proxy.php:48
/Users/idmcalculus/Documents/calcfolio/backend/vendor/guzzlehttp/guzzle/src/PrepareBodyMiddleware.php:64
/Users/idmcalculus/Documents/calcfolio/backend/vendor/guzzlehttp/guzzle/src/Middleware.php:31
/Users/idmcalculus/Documents/calcfolio/backend/vendor/guzzlehttp/guzzle/src/RedirectMiddleware.php:71
/Users/idmcalculus/Documents/calcfolio/backend/vendor/guzzlehttp/guzzle/src/Middleware.php:63
/Users/idmcalculus/Documents/calcfolio/backend/vendor/guzzlehttp/guzzle/src/HandlerStack.php:75
/Users/idmcalculus/Documents/calcfolio/backend/vendor/guzzlehttp/guzzle/src/Client.php:333
/Users/idmcalculus/Documents/calcfolio/backend/vendor/guzzlehttp/guzzle/src/Client.php:169
/Users/idmcalculus/Documents/calcfolio/backend/vendor/guzzlehttp/guzzle/src/Client.php:189
/Users/idmcalculus/Documents/calcfolio/backend/vendor/guzzlehttp/guzzle/src/ClientTrait.php:95
/Users/idmcalculus/Documents/calcfolio/backend/tests/E2E/ContactFormApiTest.php:256</error>
        </testcase>
        <testcase name="testContactFormEndpointExists" file="/Users/idmcalculus/Documents/calcfolio/backend/tests/E2E/ContactFormApiTest.php" line="24" class="App\Tests\E2E\ContactFormApiTest" classname="App.Tests.E2E.ContactFormApiTest" assertions="0" time="0.004787">
          <error type="GuzzleHttp\Exception\ConnectException">App\Tests\E2E\ContactFormApiTest::testContactFormEndpointExists
GuzzleHttp\Exception\ConnectException: cURL error 7: Failed to connect to localhost port 8080 after 0 ms: Could not connect to server (see https://curl.haxx.se/libcurl/c/libcurl-errors.html) for http://localhost:8080/contact

/Users/idmcalculus/Documents/calcfolio/backend/vendor/guzzlehttp/guzzle/src/Handler/CurlFactory.php:277
/Users/idmcalculus/Documents/calcfolio/backend/vendor/guzzlehttp/guzzle/src/Handler/CurlFactory.php:207
/Users/idmcalculus/Documents/calcfolio/backend/vendor/guzzlehttp/guzzle/src/Handler/CurlFactory.php:159
/Users/idmcalculus/Documents/calcfolio/backend/vendor/guzzlehttp/guzzle/src/Handler/CurlHandler.php:47
/Users/idmcalculus/Documents/calcfolio/backend/vendor/guzzlehttp/guzzle/src/Handler/Proxy.php:28
/Users/idmcalculus/Documents/calcfolio/backend/vendor/guzzlehttp/guzzle/src/Handler/Proxy.php:48
/Users/idmcalculus/Documents/calcfolio/backend/vendor/guzzlehttp/guzzle/src/PrepareBodyMiddleware.php:35
/Users/idmcalculus/Documents/calcfolio/backend/vendor/guzzlehttp/guzzle/src/Middleware.php:31
/Users/idmcalculus/Documents/calcfolio/backend/vendor/guzzlehttp/guzzle/src/RedirectMiddleware.php:71
/Users/idmcalculus/Documents/calcfolio/backend/vendor/guzzlehttp/guzzle/src/Middleware.php:63
/Users/idmcalculus/Documents/calcfolio/backend/vendor/guzzlehttp/guzzle/src/HandlerStack.php:75
/Users/idmcalculus/Documents/calcfolio/backend/vendor/guzzlehttp/guzzle/src/Client.php:333
/Users/idmcalculus/Documents/calcfolio/backend/vendor/guzzlehttp/guzzle/src/Client.php:169
/Users/idmcalculus/Documents/calcfolio/backend/vendor/guzzlehttp/guzzle/src/Client.php:189
/Users/idmcalculus/Documents/calcfolio/backend/vendor/guzzlehttp/guzzle/src/ClientTrait.php:44
/Users/idmcalculus/Documents/calcfolio/backend/tests/E2E/ContactFormApiTest.php:26</error>
        </testcase>
        <testcase name="testHealthCheckEndpoint" file="/Users/idmcalculus/Documents/calcfolio/backend/tests/E2E/ContactFormApiTest.php" line="200" class="App\Tests\E2E\ContactFormApiTest" classname="App.Tests.E2E.ContactFormApiTest" assertions="0" time="0.004727">
          <error type="GuzzleHttp\Exception\ConnectException">App\Tests\E2E\ContactFormApiTest::testHealthCheckEndpoint
GuzzleHttp\Exception\ConnectException: cURL error 7: Failed to connect to localhost port 8080 after 0 ms: Could not connect to server (see https://curl.haxx.se/libcurl/c/libcurl-errors.html) for http://localhost:8080/health

/Users/idmcalculus/Documents/calcfolio/backend/vendor/guzzlehttp/guzzle/src/Handler/CurlFactory.php:277
/Users/idmcalculus/Documents/calcfolio/backend/vendor/guzzlehttp/guzzle/src/Handler/CurlFactory.php:207
/Users/idmcalculus/Documents/calcfolio/backend/vendor/guzzlehttp/guzzle/src/Handler/CurlFactory.php:159
/Users/idmcalculus/Documents/calcfolio/backend/vendor/guzzlehttp/guzzle/src/Handler/CurlHandler.php:47
/Users/idmcalculus/Documents/calcfolio/backend/vendor/guzzlehttp/guzzle/src/Handler/Proxy.php:28
/Users/idmcalculus/Documents/calcfolio/backend/vendor/guzzlehttp/guzzle/src/Handler/Proxy.php:48
/Users/idmcalculus/Documents/calcfolio/backend/vendor/guzzlehttp/guzzle/src/PrepareBodyMiddleware.php:35
/Users/idmcalculus/Documents/calcfolio/backend/vendor/guzzlehttp/guzzle/src/Middleware.php:31
/Users/idmcalculus/Documents/calcfolio/backend/vendor/guzzlehttp/guzzle/src/RedirectMiddleware.php:71
/Users/idmcalculus/Documents/calcfolio/backend/vendor/guzzlehttp/guzzle/src/Middleware.php:63
/Users/idmcalculus/Documents/calcfolio/backend/vendor/guzzlehttp/guzzle/src/HandlerStack.php:75
/Users/idmcalculus/Documents/calcfolio/backend/vendor/guzzlehttp/guzzle/src/Client.php:333
/Users/idmcalculus/Documents/calcfolio/backend/vendor/guzzlehttp/guzzle/src/Client.php:169
/Users/idmcalculus/Documents/calcfolio/backend/vendor/guzzlehttp/guzzle/src/Client.php:189
/Users/idmcalculus/Documents/calcfolio/backend/vendor/guzzlehttp/guzzle/src/ClientTrait.php:44
/Users/idmcalculus/Documents/calcfolio/backend/tests/E2E/ContactFormApiTest.php:202</error>
        </testcase>
        <testcase name="testApiDocumentationEndpoints" file="/Users/idmcalculus/Documents/calcfolio/backend/tests/E2E/ContactFormApiTest.php" line="174" class="App\Tests\E2E\ContactFormApiTest" classname="App.Tests.E2E.ContactFormApiTest" assertions="0" time="0.004585">
          <error type="GuzzleHttp\Exception\ConnectException">App\Tests\E2E\ContactFormApiTest::testApiDocumentationEndpoints
GuzzleHttp\Exception\ConnectException: cURL error 7: Failed to connect to localhost port 8080 after 0 ms: Could not connect to server (see https://curl.haxx.se/libcurl/c/libcurl-errors.html) for http://localhost:8080/openapi.json

/Users/idmcalculus/Documents/calcfolio/backend/vendor/guzzlehttp/guzzle/src/Handler/CurlFactory.php:277
/Users/idmcalculus/Documents/calcfolio/backend/vendor/guzzlehttp/guzzle/src/Handler/CurlFactory.php:207
/Users/idmcalculus/Documents/calcfolio/backend/vendor/guzzlehttp/guzzle/src/Handler/CurlFactory.php:159
/Users/idmcalculus/Documents/calcfolio/backend/vendor/guzzlehttp/guzzle/src/Handler/CurlHandler.php:47
/Users/idmcalculus/Documents/calcfolio/backend/vendor/guzzlehttp/guzzle/src/Handler/Proxy.php:28
/Users/idmcalculus/Documents/calcfolio/backend/vendor/guzzlehttp/guzzle/src/Handler/Proxy.php:48
/Users/idmcalculus/Documents/calcfolio/backend/vendor/guzzlehttp/guzzle/src/PrepareBodyMiddleware.php:35
/Users/idmcalculus/Documents/calcfolio/backend/vendor/guzzlehttp/guzzle/src/Middleware.php:31
/Users/idmcalculus/Documents/calcfolio/backend/vendor/guzzlehttp/guzzle/src/RedirectMiddleware.php:71
/Users/idmcalculus/Documents/calcfolio/backend/vendor/guzzlehttp/guzzle/src/Middleware.php:63
/Users/idmcalculus/Documents/calcfolio/backend/vendor/guzzlehttp/guzzle/src/HandlerStack.php:75
/Users/idmcalculus/Documents/calcfolio/backend/vendor/guzzlehttp/guzzle/src/Client.php:333
/Users/idmcalculus/Documents/calcfolio/backend/vendor/guzzlehttp/guzzle/src/Client.php:169
/Users/idmcalculus/Documents/calcfolio/backend/vendor/guzzlehttp/guzzle/src/Client.php:189
/Users/idmcalculus/Documents/calcfolio/backend/vendor/guzzlehttp/guzzle/src/ClientTrait.php:44
/Users/idmcalculus/Documents/calcfolio/backend/tests/E2E/ContactFormApiTest.php:177</error>
        </testcase>
        <testcase name="testContactFormSubmissionWithValidData" file="/Users/idmcalculus/Documents/calcfolio/backend/tests/E2E/ContactFormApiTest.php" line="48" class="App\Tests\E2E\ContactFormApiTest" classname="App.Tests.E2E.ContactFormApiTest" assertions="0" time="0.004632">
          <error type="GuzzleHttp\Exception\ConnectException">App\Tests\E2E\ContactFormApiTest::testContactFormSubmissionWithValidData
GuzzleHttp\Exception\ConnectException: cURL error 7: Failed to connect to localhost port 8080 after 0 ms: Could not connect to server (see https://curl.haxx.se/libcurl/c/libcurl-errors.html) for http://localhost:8080/contact

/Users/idmcalculus/Documents/calcfolio/backend/vendor/guzzlehttp/guzzle/src/Handler/CurlFactory.php:277
/Users/idmcalculus/Documents/calcfolio/backend/vendor/guzzlehttp/guzzle/src/Handler/CurlFactory.php:207
/Users/idmcalculus/Documents/calcfolio/backend/vendor/guzzlehttp/guzzle/src/Handler/CurlFactory.php:159
/Users/idmcalculus/Documents/calcfolio/backend/vendor/guzzlehttp/guzzle/src/Handler/CurlHandler.php:47
/Users/idmcalculus/Documents/calcfolio/backend/vendor/guzzlehttp/guzzle/src/Handler/Proxy.php:28
/Users/idmcalculus/Documents/calcfolio/backend/vendor/guzzlehttp/guzzle/src/Handler/Proxy.php:48
/Users/idmcalculus/Documents/calcfolio/backend/vendor/guzzlehttp/guzzle/src/PrepareBodyMiddleware.php:64
/Users/idmcalculus/Documents/calcfolio/backend/vendor/guzzlehttp/guzzle/src/Middleware.php:31
/Users/idmcalculus/Documents/calcfolio/backend/vendor/guzzlehttp/guzzle/src/RedirectMiddleware.php:71
/Users/idmcalculus/Documents/calcfolio/backend/vendor/guzzlehttp/guzzle/src/Middleware.php:63
/Users/idmcalculus/Documents/calcfolio/backend/vendor/guzzlehttp/guzzle/src/HandlerStack.php:75
/Users/idmcalculus/Documents/calcfolio/backend/vendor/guzzlehttp/guzzle/src/Client.php:333
/Users/idmcalculus/Documents/calcfolio/backend/vendor/guzzlehttp/guzzle/src/Client.php:169
/Users/idmcalculus/Documents/calcfolio/backend/vendor/guzzlehttp/guzzle/src/Client.php:189
/Users/idmcalculus/Documents/calcfolio/backend/vendor/guzzlehttp/guzzle/src/ClientTrait.php:95
/Users/idmcalculus/Documents/calcfolio/backend/tests/E2E/ContactFormApiTest.php:58</error>
        </testcase>
        <testcase name="testMessageStatusEndpoint" file="/Users/idmcalculus/Documents/calcfolio/backend/tests/E2E/ContactFormApiTest.php" line="112" class="App\Tests\E2E\ContactFormApiTest" classname="App.Tests.E2E.ContactFormApiTest" assertions="0" time="0.004586">
          <error type="GuzzleHttp\Exception\ConnectException">App\Tests\E2E\ContactFormApiTest::testMessageStatusEndpoint
GuzzleHttp\Exception\ConnectException: cURL error 7: Failed to connect to localhost port 8080 after 0 ms: Could not connect to server (see https://curl.haxx.se/libcurl/c/libcurl-errors.html) for http://localhost:8080/contact

/Users/idmcalculus/Documents/calcfolio/backend/vendor/guzzlehttp/guzzle/src/Handler/CurlFactory.php:277
/Users/idmcalculus/Documents/calcfolio/backend/vendor/guzzlehttp/guzzle/src/Handler/CurlFactory.php:207
/Users/idmcalculus/Documents/calcfolio/backend/vendor/guzzlehttp/guzzle/src/Handler/CurlFactory.php:159
/Users/idmcalculus/Documents/calcfolio/backend/vendor/guzzlehttp/guzzle/src/Handler/CurlHandler.php:47
/Users/idmcalculus/Documents/calcfolio/backend/vendor/guzzlehttp/guzzle/src/Handler/Proxy.php:28
/Users/idmcalculus/Documents/calcfolio/backend/vendor/guzzlehttp/guzzle/src/Handler/Proxy.php:48
/Users/idmcalculus/Documents/calcfolio/backend/vendor/guzzlehttp/guzzle/src/PrepareBodyMiddleware.php:64
/Users/idmcalculus/Documents/calcfolio/backend/vendor/guzzlehttp/guzzle/src/Middleware.php:31
/Users/idmcalculus/Documents/calcfolio/backend/vendor/guzzlehttp/guzzle/src/RedirectMiddleware.php:71
/Users/idmcalculus/Documents/calcfolio/backend/vendor/guzzlehttp/guzzle/src/Middleware.php:63
/Users/idmcalculus/Documents/calcfolio/backend/vendor/guzzlehttp/guzzle/src/HandlerStack.php:75
/Users/idmcalculus/Documents/calcfolio/backend/vendor/guzzlehttp/guzzle/src/Client.php:333
/Users/idmcalculus/Documents/calcfolio/backend/vendor/guzzlehttp/guzzle/src/Client.php:169
/Users/idmcalculus/Documents/calcfolio/backend/vendor/guzzlehttp/guzzle/src/Client.php:189
/Users/idmcalculus/Documents/calcfolio/backend/vendor/guzzlehttp/guzzle/src/ClientTrait.php:95
/Users/idmcalculus/Documents/calcfolio/backend/tests/E2E/ContactFormApiTest.php:123</error>
        </testcase>
      </testsuite>
    </testsuite>
  </testsuite>
</testsuites>
